============================= test session starts ==============================
platform darwin -- Python 3.9.1, pytest-7.3.1, pluggy-1.5.0 -- /Users/syamgith/Documents/Apps/ai-dream-journal/venv/bin/python
cachedir: .pytest_cache
rootdir: /Users/syamgith/Documents/Apps/ai-dream-journal
configfile: pytest.ini
plugins: asyncio-0.21.1, mock-3.11.1, anyio-4.6.2.post1
asyncio: mode=auto
collecting ... collected 61 items

tests/test_api.py::test_database_connection PASSED                       [  1%]
tests/test_api.py::test_create_dream_entry FAILED                        [  3%]
tests/test_api.py::test_list_dreams FAILED                               [  4%]
tests/test_dream_embedding_service.py::TestDreamEmbeddingService::test_service_initialization PASSED [  6%]
tests/test_dream_embedding_service.py::TestDreamEmbeddingService::test_generate_embedding PASSED [  8%]
tests/test_dream_embedding_service.py::TestDreamEmbeddingService::test_generate_embedding_empty_text PASSED [  9%]
tests/test_dream_embedding_service.py::TestDreamEmbeddingService::test_prepare_dream_text_all_fields PASSED [ 11%]
tests/test_dream_embedding_service.py::TestDreamEmbeddingService::test_prepare_dream_text_partial_fields PASSED [ 13%]
tests/test_dream_embedding_service.py::TestDreamEmbeddingService::test_store_dream_embedding_new PASSED [ 14%]
tests/test_dream_embedding_service.py::TestDreamEmbeddingService::test_store_dream_embedding_update_existing PASSED [ 16%]
tests/test_dream_embedding_service.py::TestDreamEmbeddingService::test_embed_dream_entry PASSED [ 18%]
tests/test_dream_embedding_service.py::TestDreamEmbeddingService::test_delete_dream_embedding_exists PASSED [ 19%]
tests/test_dream_embedding_service.py::TestDreamEmbeddingService::test_delete_dream_embedding_not_found PASSED [ 21%]
tests/test_dream_embedding_service.py::TestDreamEmbeddingService::test_get_embedding_service_singleton PASSED [ 22%]
tests/test_dream_embedding_service.py::TestDreamEmbeddingService::test_embedding_consistency PASSED [ 24%]
tests/test_dream_embedding_service.py::TestDreamEmbeddingService::test_store_dream_embedding_rollback_on_error PASSED [ 26%]
tests/test_dream_explorer_endpoints.py::TestDreamExplorerEndpoints::test_ask_question_success FAILED [ 27%]
tests/test_dream_explorer_endpoints.py::TestDreamExplorerEndpoints::test_ask_question_unauthorized PASSED [ 29%]
tests/test_dream_explorer_endpoints.py::TestDreamExplorerEndpoints::test_ask_question_validation_error PASSED [ 31%]
tests/test_dream_explorer_endpoints.py::TestDreamExplorerEndpoints::test_search_similar_dreams_success FAILED [ 32%]
tests/test_dream_explorer_endpoints.py::TestDreamExplorerEndpoints::test_search_similar_dreams_no_query FAILED [ 34%]
tests/test_dream_explorer_endpoints.py::TestDreamExplorerEndpoints::test_find_similar_to_dream_success FAILED [ 36%]
tests/test_dream_explorer_endpoints.py::TestDreamExplorerEndpoints::test_find_patterns_success FAILED [ 37%]
tests/test_dream_explorer_endpoints.py::TestDreamExplorerEndpoints::test_compare_dreams_success FAILED [ 39%]
tests/test_dream_explorer_endpoints.py::TestDreamExplorerEndpoints::test_compare_dreams_not_found FAILED [ 40%]
tests/test_dream_explorer_endpoints.py::TestDreamExplorerEndpoints::test_health_check_success PASSED [ 42%]
tests/test_dream_explorer_endpoints.py::TestDreamExplorerEndpoints::test_health_check_failure PASSED [ 44%]
tests/test_dream_explorer_endpoints.py::TestDreamExplorerEndpoints::test_search_with_date_filters FAILED [ 45%]
tests/test_dream_explorer_endpoints.py::TestDreamExplorerEndpoints::test_search_with_emotion_tags FAILED [ 47%]
tests/test_dream_explorer_endpoints.py::TestDreamExplorerEndpoints::test_ask_question_with_chat_history FAILED [ 49%]
tests/test_dream_explorer_service.py::TestDreamExplorerService::test_service_initialization PASSED [ 50%]
tests/test_dream_explorer_service.py::TestDreamExplorerService::test_format_dream_context_with_dreams PASSED [ 52%]
tests/test_dream_explorer_service.py::TestDreamExplorerService::test_format_dream_context_empty PASSED [ 54%]
tests/test_dream_explorer_service.py::TestDreamExplorerService::test_format_chat_history_with_messages PASSED [ 55%]
tests/test_dream_explorer_service.py::TestDreamExplorerService::test_format_chat_history_empty PASSED [ 57%]
tests/test_dream_explorer_service.py::TestDreamExplorerService::test_ask_question_basic FAILED [ 59%]
tests/test_dream_explorer_service.py::TestDreamExplorerService::test_ask_question_with_chat_history FAILED [ 60%]
tests/test_dream_explorer_service.py::TestDreamExplorerService::test_ask_question_custom_top_k FAILED [ 62%]
tests/test_dream_explorer_service.py::TestDreamExplorerService::test_find_patterns FAILED [ 63%]
tests/test_dream_explorer_service.py::TestDreamExplorerService::test_find_patterns_custom_top_k FAILED [ 65%]
tests/test_dream_explorer_service.py::TestDreamExplorerService::test_compare_dreams FAILED [ 67%]
tests/test_dream_explorer_service.py::TestDreamExplorerService::test_compare_dreams_not_found PASSED [ 68%]
tests/test_dream_explorer_service.py::TestDreamExplorerService::test_get_explorer_service_singleton PASSED [ 70%]
tests/test_dream_explorer_service.py::TestDreamExplorerService::test_ask_question_no_results FAILED [ 72%]
tests/test_dream_retrieval_service.py::TestDreamRetrievalService::test_service_initialization PASSED [ 73%]
tests/test_dream_retrieval_service.py::TestDreamRetrievalService::test_search_similar_dreams_basic PASSED [ 75%]
tests/test_dream_retrieval_service.py::TestDreamRetrievalService::test_search_similar_dreams_with_threshold PASSED [ 77%]
tests/test_dream_retrieval_service.py::TestDreamRetrievalService::test_search_similar_dreams_with_date_filter PASSED [ 78%]
tests/test_dream_retrieval_service.py::TestDreamRetrievalService::test_search_similar_dreams_with_emotion_tags PASSED [ 80%]
tests/test_dream_retrieval_service.py::TestDreamRetrievalService::test_find_similar_to_dream_found PASSED [ 81%]
tests/test_dream_retrieval_service.py::TestDreamRetrievalService::test_find_similar_to_dream_not_found PASSED [ 83%]
tests/test_dream_retrieval_service.py::TestDreamRetrievalService::test_search_by_keywords PASSED [ 85%]
tests/test_dream_retrieval_service.py::TestDreamRetrievalService::test_get_retrieval_service_singleton PASSED [ 86%]
tests/test_dream_retrieval_service.py::TestDreamRetrievalService::test_search_similar_dreams_custom_top_k PASSED [ 88%]
tests/test_dream_retrieval_service.py::TestDreamRetrievalService::test_search_similar_dreams_empty_results PASSED [ 90%]
tests/test_dream_retrieval_service.py::TestDreamRetrievalService::test_get_dream_clusters_placeholder PASSED [ 91%]
tests/test_dream_service.py::test_dream_interpretation SKIPPED (Lega...) [ 93%]
tests/test_user_endpoints.py::test_register_user FAILED                  [ 95%]
tests/test_user_endpoints.py::test_login_user FAILED                     [ 96%]
tests/test_user_endpoints.py::test_login_invalid_user FAILED             [ 98%]
tests/test_user_endpoints.py::test_convert_guest_to_regular FAILED       [100%]

=================================== FAILURES ===================================
___________________________ test_create_dream_entry ____________________________
tests/test_api.py:26: in test_create_dream_entry
    assert response.status_code == 201
E   assert 401 == 201
E    +  where 401 = <Response [401 Unauthorized]>.status_code
_______________________________ test_list_dreams _______________________________
tests/test_api.py:31: in test_list_dreams
    assert response.status_code == 200
E   assert 401 == 200
E    +  where 401 = <Response [401 Unauthorized]>.status_code
_____________ TestDreamExplorerEndpoints.test_ask_question_success _____________
tests/test_dream_explorer_endpoints.py:84: in test_ask_question_success
    assert response.status_code == 200
E   assert 500 == 200
E    +  where 500 = <Response [500 Internal Server Error]>.status_code
----------------------------- Captured stderr call -----------------------------
2025-10-23 14:55:14.178 | INFO     | src.backend.api.endpoints.dream_explorer:ask_question:73 - Processing dream explorer query for user 123
2025-10-23 14:55:14.178 | ERROR    | src.backend.api.endpoints.dream_explorer:ask_question:90 - Error in ask_question endpoint: object dict can't be used in 'await' expression
________ TestDreamExplorerEndpoints.test_search_similar_dreams_success _________
tests/test_dream_explorer_endpoints.py:131: in test_search_similar_dreams_success
    response = await client.post(
venv/lib/python3.9/site-packages/httpx/_client.py:1877: in post
    return await self.request(
venv/lib/python3.9/site-packages/httpx/_client.py:1559: in request
    return await self.send(request, auth=auth, follow_redirects=follow_redirects)
venv/lib/python3.9/site-packages/httpx/_client.py:1646: in send
    response = await self._send_handling_auth(
venv/lib/python3.9/site-packages/httpx/_client.py:1674: in _send_handling_auth
    response = await self._send_handling_redirects(
venv/lib/python3.9/site-packages/httpx/_client.py:1711: in _send_handling_redirects
    response = await self._send_single_request(request)
venv/lib/python3.9/site-packages/httpx/_client.py:1748: in _send_single_request
    response = await transport.handle_async_request(request)
venv/lib/python3.9/site-packages/httpx/_transports/asgi.py:162: in handle_async_request
    await self.app(scope, receive, send)
venv/lib/python3.9/site-packages/fastapi/applications.py:1054: in __call__
    await super().__call__(scope, receive, send)
venv/lib/python3.9/site-packages/starlette/applications.py:123: in __call__
    await self.middleware_stack(scope, receive, send)
venv/lib/python3.9/site-packages/starlette/middleware/errors.py:186: in __call__
    raise exc
venv/lib/python3.9/site-packages/starlette/middleware/errors.py:164: in __call__
    await self.app(scope, receive, _send)
venv/lib/python3.9/site-packages/starlette/middleware/cors.py:83: in __call__
    await self.app(scope, receive, send)
venv/lib/python3.9/site-packages/starlette/middleware/exceptions.py:62: in __call__
    await wrap_app_handling_exceptions(self.app, conn)(scope, receive, send)
venv/lib/python3.9/site-packages/starlette/_exception_handler.py:64: in wrapped_app
    raise exc
venv/lib/python3.9/site-packages/starlette/_exception_handler.py:53: in wrapped_app
    await app(scope, receive, sender)
venv/lib/python3.9/site-packages/starlette/routing.py:762: in __call__
    await self.middleware_stack(scope, receive, send)
venv/lib/python3.9/site-packages/starlette/routing.py:782: in app
    await route.handle(scope, receive, send)
venv/lib/python3.9/site-packages/starlette/routing.py:297: in handle
    await self.app(scope, receive, send)
venv/lib/python3.9/site-packages/starlette/routing.py:77: in app
    await wrap_app_handling_exceptions(app, request)(scope, receive, send)
venv/lib/python3.9/site-packages/starlette/_exception_handler.py:64: in wrapped_app
    raise exc
venv/lib/python3.9/site-packages/starlette/_exception_handler.py:53: in wrapped_app
    await app(scope, receive, sender)
venv/lib/python3.9/site-packages/starlette/routing.py:72: in app
    response = await func(request)
venv/lib/python3.9/site-packages/fastapi/routing.py:299: in app
    raise e
venv/lib/python3.9/site-packages/fastapi/routing.py:294: in app
    raw_response = await run_endpoint_function(
venv/lib/python3.9/site-packages/fastapi/routing.py:191: in run_endpoint_function
    return await dependant.call(**values)
venv/lib/python3.9/site-packages/slowapi/extension.py:725: in async_wrapper
    raise Exception(
E   Exception: parameter `request` must be an instance of starlette.requests.Request
----------------------------- Captured stderr call -----------------------------
2025-10-23 14:55:14.241 | ERROR    | src.backend.utils.error_handlers:generic_exception_handler:133 - Unhandled Exception: parameter `request` must be an instance of starlette.requests.Request | Path: /dream-explorer/search | Traceback: Traceback (most recent call last):
  File "/Users/syamgith/Documents/Apps/ai-dream-journal/venv/lib/python3.9/site-packages/starlette/middleware/errors.py", line 164, in __call__
    await self.app(scope, receive, _send)
  File "/Users/syamgith/Documents/Apps/ai-dream-journal/venv/lib/python3.9/site-packages/starlette/middleware/cors.py", line 83, in __call__
    await self.app(scope, receive, send)
  File "/Users/syamgith/Documents/Apps/ai-dream-journal/venv/lib/python3.9/site-packages/starlette/middleware/exceptions.py", line 62, in __call__
    await wrap_app_handling_exceptions(self.app, conn)(scope, receive, send)
  File "/Users/syamgith/Documents/Apps/ai-dream-journal/venv/lib/python3.9/site-packages/starlette/_exception_handler.py", line 64, in wrapped_app
    raise exc
  File "/Users/syamgith/Documents/Apps/ai-dream-journal/venv/lib/python3.9/site-packages/starlette/_exception_handler.py", line 53, in wrapped_app
    await app(scope, receive, sender)
  File "/Users/syamgith/Documents/Apps/ai-dream-journal/venv/lib/python3.9/site-packages/starlette/routing.py", line 762, in __call__
    await self.middleware_stack(scope, receive, send)
  File "/Users/syamgith/Documents/Apps/ai-dream-journal/venv/lib/python3.9/site-packages/starlette/routing.py", line 782, in app
    await route.handle(scope, receive, send)
  File "/Users/syamgith/Documents/Apps/ai-dream-journal/venv/lib/python3.9/site-packages/starlette/routing.py", line 297, in handle
    await self.app(scope, receive, send)
  File "/Users/syamgith/Documents/Apps/ai-dream-journal/venv/lib/python3.9/site-packages/starlette/routing.py", line 77, in app
    await wrap_app_handling_exceptions(app, request)(scope, receive, send)
  File "/Users/syamgith/Documents/Apps/ai-dream-journal/venv/lib/python3.9/site-packages/starlette/_exception_handler.py", line 64, in wrapped_app
    raise exc
  File "/Users/syamgith/Documents/Apps/ai-dream-journal/venv/lib/python3.9/site-packages/starlette/_exception_handler.py", line 53, in wrapped_app
    await app(scope, receive, sender)
  File "/Users/syamgith/Documents/Apps/ai-dream-journal/venv/lib/python3.9/site-packages/starlette/routing.py", line 72, in app
    response = await func(request)
  File "/Users/syamgith/Documents/Apps/ai-dream-journal/venv/lib/python3.9/site-packages/fastapi/routing.py", line 299, in app
    raise e
  File "/Users/syamgith/Documents/Apps/ai-dream-journal/venv/lib/python3.9/site-packages/fastapi/routing.py", line 294, in app
    raw_response = await run_endpoint_function(
  File "/Users/syamgith/Documents/Apps/ai-dream-journal/venv/lib/python3.9/site-packages/fastapi/routing.py", line 191, in run_endpoint_function
    return await dependant.call(**values)
  File "/Users/syamgith/Documents/Apps/ai-dream-journal/venv/lib/python3.9/site-packages/slowapi/extension.py", line 725, in async_wrapper
    raise Exception(
Exception: parameter `request` must be an instance of starlette.requests.Request

________ TestDreamExplorerEndpoints.test_search_similar_dreams_no_query ________
tests/test_dream_explorer_endpoints.py:151: in test_search_similar_dreams_no_query
    response = await client.post(
venv/lib/python3.9/site-packages/httpx/_client.py:1877: in post
    return await self.request(
venv/lib/python3.9/site-packages/httpx/_client.py:1559: in request
    return await self.send(request, auth=auth, follow_redirects=follow_redirects)
venv/lib/python3.9/site-packages/httpx/_client.py:1646: in send
    response = await self._send_handling_auth(
venv/lib/python3.9/site-packages/httpx/_client.py:1674: in _send_handling_auth
    response = await self._send_handling_redirects(
venv/lib/python3.9/site-packages/httpx/_client.py:1711: in _send_handling_redirects
    response = await self._send_single_request(request)
venv/lib/python3.9/site-packages/httpx/_client.py:1748: in _send_single_request
    response = await transport.handle_async_request(request)
venv/lib/python3.9/site-packages/httpx/_transports/asgi.py:162: in handle_async_request
    await self.app(scope, receive, send)
venv/lib/python3.9/site-packages/fastapi/applications.py:1054: in __call__
    await super().__call__(scope, receive, send)
venv/lib/python3.9/site-packages/starlette/applications.py:123: in __call__
    await self.middleware_stack(scope, receive, send)
venv/lib/python3.9/site-packages/starlette/middleware/errors.py:186: in __call__
    raise exc
venv/lib/python3.9/site-packages/starlette/middleware/errors.py:164: in __call__
    await self.app(scope, receive, _send)
venv/lib/python3.9/site-packages/starlette/middleware/cors.py:83: in __call__
    await self.app(scope, receive, send)
venv/lib/python3.9/site-packages/starlette/middleware/exceptions.py:62: in __call__
    await wrap_app_handling_exceptions(self.app, conn)(scope, receive, send)
venv/lib/python3.9/site-packages/starlette/_exception_handler.py:64: in wrapped_app
    raise exc
venv/lib/python3.9/site-packages/starlette/_exception_handler.py:53: in wrapped_app
    await app(scope, receive, sender)
venv/lib/python3.9/site-packages/starlette/routing.py:762: in __call__
    await self.middleware_stack(scope, receive, send)
venv/lib/python3.9/site-packages/starlette/routing.py:782: in app
    await route.handle(scope, receive, send)
venv/lib/python3.9/site-packages/starlette/routing.py:297: in handle
    await self.app(scope, receive, send)
venv/lib/python3.9/site-packages/starlette/routing.py:77: in app
    await wrap_app_handling_exceptions(app, request)(scope, receive, send)
venv/lib/python3.9/site-packages/starlette/_exception_handler.py:64: in wrapped_app
    raise exc
venv/lib/python3.9/site-packages/starlette/_exception_handler.py:53: in wrapped_app
    await app(scope, receive, sender)
venv/lib/python3.9/site-packages/starlette/routing.py:72: in app
    response = await func(request)
venv/lib/python3.9/site-packages/fastapi/routing.py:299: in app
    raise e
venv/lib/python3.9/site-packages/fastapi/routing.py:294: in app
    raw_response = await run_endpoint_function(
venv/lib/python3.9/site-packages/fastapi/routing.py:191: in run_endpoint_function
    return await dependant.call(**values)
venv/lib/python3.9/site-packages/slowapi/extension.py:725: in async_wrapper
    raise Exception(
E   Exception: parameter `request` must be an instance of starlette.requests.Request
----------------------------- Captured stderr call -----------------------------
2025-10-23 14:55:14.769 | ERROR    | src.backend.utils.error_handlers:generic_exception_handler:133 - Unhandled Exception: parameter `request` must be an instance of starlette.requests.Request | Path: /dream-explorer/search | Traceback: Traceback (most recent call last):
  File "/Users/syamgith/Documents/Apps/ai-dream-journal/venv/lib/python3.9/site-packages/starlette/middleware/errors.py", line 164, in __call__
    await self.app(scope, receive, _send)
  File "/Users/syamgith/Documents/Apps/ai-dream-journal/venv/lib/python3.9/site-packages/starlette/middleware/cors.py", line 83, in __call__
    await self.app(scope, receive, send)
  File "/Users/syamgith/Documents/Apps/ai-dream-journal/venv/lib/python3.9/site-packages/starlette/middleware/exceptions.py", line 62, in __call__
    await wrap_app_handling_exceptions(self.app, conn)(scope, receive, send)
  File "/Users/syamgith/Documents/Apps/ai-dream-journal/venv/lib/python3.9/site-packages/starlette/_exception_handler.py", line 64, in wrapped_app
    raise exc
  File "/Users/syamgith/Documents/Apps/ai-dream-journal/venv/lib/python3.9/site-packages/starlette/_exception_handler.py", line 53, in wrapped_app
    await app(scope, receive, sender)
  File "/Users/syamgith/Documents/Apps/ai-dream-journal/venv/lib/python3.9/site-packages/starlette/routing.py", line 762, in __call__
    await self.middleware_stack(scope, receive, send)
  File "/Users/syamgith/Documents/Apps/ai-dream-journal/venv/lib/python3.9/site-packages/starlette/routing.py", line 782, in app
    await route.handle(scope, receive, send)
  File "/Users/syamgith/Documents/Apps/ai-dream-journal/venv/lib/python3.9/site-packages/starlette/routing.py", line 297, in handle
    await self.app(scope, receive, send)
  File "/Users/syamgith/Documents/Apps/ai-dream-journal/venv/lib/python3.9/site-packages/starlette/routing.py", line 77, in app
    await wrap_app_handling_exceptions(app, request)(scope, receive, send)
  File "/Users/syamgith/Documents/Apps/ai-dream-journal/venv/lib/python3.9/site-packages/starlette/_exception_handler.py", line 64, in wrapped_app
    raise exc
  File "/Users/syamgith/Documents/Apps/ai-dream-journal/venv/lib/python3.9/site-packages/starlette/_exception_handler.py", line 53, in wrapped_app
    await app(scope, receive, sender)
  File "/Users/syamgith/Documents/Apps/ai-dream-journal/venv/lib/python3.9/site-packages/starlette/routing.py", line 72, in app
    response = await func(request)
  File "/Users/syamgith/Documents/Apps/ai-dream-journal/venv/lib/python3.9/site-packages/fastapi/routing.py", line 299, in app
    raise e
  File "/Users/syamgith/Documents/Apps/ai-dream-journal/venv/lib/python3.9/site-packages/fastapi/routing.py", line 294, in app
    raw_response = await run_endpoint_function(
  File "/Users/syamgith/Documents/Apps/ai-dream-journal/venv/lib/python3.9/site-packages/fastapi/routing.py", line 191, in run_endpoint_function
    return await dependant.call(**values)
  File "/Users/syamgith/Documents/Apps/ai-dream-journal/venv/lib/python3.9/site-packages/slowapi/extension.py", line 725, in async_wrapper
    raise Exception(
Exception: parameter `request` must be an instance of starlette.requests.Request

________ TestDreamExplorerEndpoints.test_find_similar_to_dream_success _________
tests/test_dream_explorer_endpoints.py:182: in test_find_similar_to_dream_success
    assert response.status_code == 200
E   assert 500 == 200
E    +  where 500 = <Response [500 Internal Server Error]>.status_code
----------------------------- Captured stderr call -----------------------------
2025-10-23 14:55:15.124 | INFO     | src.backend.api.endpoints.dream_explorer:find_similar_to_dream:213 - Finding dreams similar to 1 for user 123
2025-10-23 14:55:15.124 | ERROR    | src.backend.api.endpoints.dream_explorer:find_similar_to_dream:243 - Error in find_similar_to_dream endpoint: object list can't be used in 'await' expression
____________ TestDreamExplorerEndpoints.test_find_patterns_success _____________
tests/test_dream_explorer_endpoints.py:201: in test_find_patterns_success
    response = await client.post(
venv/lib/python3.9/site-packages/httpx/_client.py:1877: in post
    return await self.request(
venv/lib/python3.9/site-packages/httpx/_client.py:1559: in request
    return await self.send(request, auth=auth, follow_redirects=follow_redirects)
venv/lib/python3.9/site-packages/httpx/_client.py:1646: in send
    response = await self._send_handling_auth(
venv/lib/python3.9/site-packages/httpx/_client.py:1674: in _send_handling_auth
    response = await self._send_handling_redirects(
venv/lib/python3.9/site-packages/httpx/_client.py:1711: in _send_handling_redirects
    response = await self._send_single_request(request)
venv/lib/python3.9/site-packages/httpx/_client.py:1748: in _send_single_request
    response = await transport.handle_async_request(request)
venv/lib/python3.9/site-packages/httpx/_transports/asgi.py:162: in handle_async_request
    await self.app(scope, receive, send)
venv/lib/python3.9/site-packages/fastapi/applications.py:1054: in __call__
    await super().__call__(scope, receive, send)
venv/lib/python3.9/site-packages/starlette/applications.py:123: in __call__
    await self.middleware_stack(scope, receive, send)
venv/lib/python3.9/site-packages/starlette/middleware/errors.py:186: in __call__
    raise exc
venv/lib/python3.9/site-packages/starlette/middleware/errors.py:164: in __call__
    await self.app(scope, receive, _send)
venv/lib/python3.9/site-packages/starlette/middleware/cors.py:83: in __call__
    await self.app(scope, receive, send)
venv/lib/python3.9/site-packages/starlette/middleware/exceptions.py:62: in __call__
    await wrap_app_handling_exceptions(self.app, conn)(scope, receive, send)
venv/lib/python3.9/site-packages/starlette/_exception_handler.py:64: in wrapped_app
    raise exc
venv/lib/python3.9/site-packages/starlette/_exception_handler.py:53: in wrapped_app
    await app(scope, receive, sender)
venv/lib/python3.9/site-packages/starlette/routing.py:762: in __call__
    await self.middleware_stack(scope, receive, send)
venv/lib/python3.9/site-packages/starlette/routing.py:782: in app
    await route.handle(scope, receive, send)
venv/lib/python3.9/site-packages/starlette/routing.py:297: in handle
    await self.app(scope, receive, send)
venv/lib/python3.9/site-packages/starlette/routing.py:77: in app
    await wrap_app_handling_exceptions(app, request)(scope, receive, send)
venv/lib/python3.9/site-packages/starlette/_exception_handler.py:64: in wrapped_app
    raise exc
venv/lib/python3.9/site-packages/starlette/_exception_handler.py:53: in wrapped_app
    await app(scope, receive, sender)
venv/lib/python3.9/site-packages/starlette/routing.py:72: in app
    response = await func(request)
venv/lib/python3.9/site-packages/fastapi/routing.py:299: in app
    raise e
venv/lib/python3.9/site-packages/fastapi/routing.py:294: in app
    raw_response = await run_endpoint_function(
venv/lib/python3.9/site-packages/fastapi/routing.py:191: in run_endpoint_function
    return await dependant.call(**values)
venv/lib/python3.9/site-packages/slowapi/extension.py:725: in async_wrapper
    raise Exception(
E   Exception: parameter `request` must be an instance of starlette.requests.Request
----------------------------- Captured stderr call -----------------------------
2025-10-23 14:55:15.140 | ERROR    | src.backend.utils.error_handlers:generic_exception_handler:133 - Unhandled Exception: parameter `request` must be an instance of starlette.requests.Request | Path: /dream-explorer/patterns | Traceback: Traceback (most recent call last):
  File "/Users/syamgith/Documents/Apps/ai-dream-journal/venv/lib/python3.9/site-packages/starlette/middleware/errors.py", line 164, in __call__
    await self.app(scope, receive, _send)
  File "/Users/syamgith/Documents/Apps/ai-dream-journal/venv/lib/python3.9/site-packages/starlette/middleware/cors.py", line 83, in __call__
    await self.app(scope, receive, send)
  File "/Users/syamgith/Documents/Apps/ai-dream-journal/venv/lib/python3.9/site-packages/starlette/middleware/exceptions.py", line 62, in __call__
    await wrap_app_handling_exceptions(self.app, conn)(scope, receive, send)
  File "/Users/syamgith/Documents/Apps/ai-dream-journal/venv/lib/python3.9/site-packages/starlette/_exception_handler.py", line 64, in wrapped_app
    raise exc
  File "/Users/syamgith/Documents/Apps/ai-dream-journal/venv/lib/python3.9/site-packages/starlette/_exception_handler.py", line 53, in wrapped_app
    await app(scope, receive, sender)
  File "/Users/syamgith/Documents/Apps/ai-dream-journal/venv/lib/python3.9/site-packages/starlette/routing.py", line 762, in __call__
    await self.middleware_stack(scope, receive, send)
  File "/Users/syamgith/Documents/Apps/ai-dream-journal/venv/lib/python3.9/site-packages/starlette/routing.py", line 782, in app
    await route.handle(scope, receive, send)
  File "/Users/syamgith/Documents/Apps/ai-dream-journal/venv/lib/python3.9/site-packages/starlette/routing.py", line 297, in handle
    await self.app(scope, receive, send)
  File "/Users/syamgith/Documents/Apps/ai-dream-journal/venv/lib/python3.9/site-packages/starlette/routing.py", line 77, in app
    await wrap_app_handling_exceptions(app, request)(scope, receive, send)
  File "/Users/syamgith/Documents/Apps/ai-dream-journal/venv/lib/python3.9/site-packages/starlette/_exception_handler.py", line 64, in wrapped_app
    raise exc
  File "/Users/syamgith/Documents/Apps/ai-dream-journal/venv/lib/python3.9/site-packages/starlette/_exception_handler.py", line 53, in wrapped_app
    await app(scope, receive, sender)
  File "/Users/syamgith/Documents/Apps/ai-dream-journal/venv/lib/python3.9/site-packages/starlette/routing.py", line 72, in app
    response = await func(request)
  File "/Users/syamgith/Documents/Apps/ai-dream-journal/venv/lib/python3.9/site-packages/fastapi/routing.py", line 299, in app
    raise e
  File "/Users/syamgith/Documents/Apps/ai-dream-journal/venv/lib/python3.9/site-packages/fastapi/routing.py", line 294, in app
    raw_response = await run_endpoint_function(
  File "/Users/syamgith/Documents/Apps/ai-dream-journal/venv/lib/python3.9/site-packages/fastapi/routing.py", line 191, in run_endpoint_function
    return await dependant.call(**values)
  File "/Users/syamgith/Documents/Apps/ai-dream-journal/venv/lib/python3.9/site-packages/slowapi/extension.py", line 725, in async_wrapper
    raise Exception(
Exception: parameter `request` must be an instance of starlette.requests.Request

____________ TestDreamExplorerEndpoints.test_compare_dreams_success ____________
tests/test_dream_explorer_endpoints.py:227: in test_compare_dreams_success
    response = await client.post(
venv/lib/python3.9/site-packages/httpx/_client.py:1877: in post
    return await self.request(
venv/lib/python3.9/site-packages/httpx/_client.py:1559: in request
    return await self.send(request, auth=auth, follow_redirects=follow_redirects)
venv/lib/python3.9/site-packages/httpx/_client.py:1646: in send
    response = await self._send_handling_auth(
venv/lib/python3.9/site-packages/httpx/_client.py:1674: in _send_handling_auth
    response = await self._send_handling_redirects(
venv/lib/python3.9/site-packages/httpx/_client.py:1711: in _send_handling_redirects
    response = await self._send_single_request(request)
venv/lib/python3.9/site-packages/httpx/_client.py:1748: in _send_single_request
    response = await transport.handle_async_request(request)
venv/lib/python3.9/site-packages/httpx/_transports/asgi.py:162: in handle_async_request
    await self.app(scope, receive, send)
venv/lib/python3.9/site-packages/fastapi/applications.py:1054: in __call__
    await super().__call__(scope, receive, send)
venv/lib/python3.9/site-packages/starlette/applications.py:123: in __call__
    await self.middleware_stack(scope, receive, send)
venv/lib/python3.9/site-packages/starlette/middleware/errors.py:186: in __call__
    raise exc
venv/lib/python3.9/site-packages/starlette/middleware/errors.py:164: in __call__
    await self.app(scope, receive, _send)
venv/lib/python3.9/site-packages/starlette/middleware/cors.py:83: in __call__
    await self.app(scope, receive, send)
venv/lib/python3.9/site-packages/starlette/middleware/exceptions.py:62: in __call__
    await wrap_app_handling_exceptions(self.app, conn)(scope, receive, send)
venv/lib/python3.9/site-packages/starlette/_exception_handler.py:64: in wrapped_app
    raise exc
venv/lib/python3.9/site-packages/starlette/_exception_handler.py:53: in wrapped_app
    await app(scope, receive, sender)
venv/lib/python3.9/site-packages/starlette/routing.py:762: in __call__
    await self.middleware_stack(scope, receive, send)
venv/lib/python3.9/site-packages/starlette/routing.py:782: in app
    await route.handle(scope, receive, send)
venv/lib/python3.9/site-packages/starlette/routing.py:297: in handle
    await self.app(scope, receive, send)
venv/lib/python3.9/site-packages/starlette/routing.py:77: in app
    await wrap_app_handling_exceptions(app, request)(scope, receive, send)
venv/lib/python3.9/site-packages/starlette/_exception_handler.py:64: in wrapped_app
    raise exc
venv/lib/python3.9/site-packages/starlette/_exception_handler.py:53: in wrapped_app
    await app(scope, receive, sender)
venv/lib/python3.9/site-packages/starlette/routing.py:72: in app
    response = await func(request)
venv/lib/python3.9/site-packages/fastapi/routing.py:299: in app
    raise e
venv/lib/python3.9/site-packages/fastapi/routing.py:294: in app
    raw_response = await run_endpoint_function(
venv/lib/python3.9/site-packages/fastapi/routing.py:191: in run_endpoint_function
    return await dependant.call(**values)
venv/lib/python3.9/site-packages/slowapi/extension.py:725: in async_wrapper
    raise Exception(
E   Exception: parameter `request` must be an instance of starlette.requests.Request
----------------------------- Captured stderr call -----------------------------
2025-10-23 14:55:15.663 | ERROR    | src.backend.utils.error_handlers:generic_exception_handler:133 - Unhandled Exception: parameter `request` must be an instance of starlette.requests.Request | Path: /dream-explorer/compare | Traceback: Traceback (most recent call last):
  File "/Users/syamgith/Documents/Apps/ai-dream-journal/venv/lib/python3.9/site-packages/starlette/middleware/errors.py", line 164, in __call__
    await self.app(scope, receive, _send)
  File "/Users/syamgith/Documents/Apps/ai-dream-journal/venv/lib/python3.9/site-packages/starlette/middleware/cors.py", line 83, in __call__
    await self.app(scope, receive, send)
  File "/Users/syamgith/Documents/Apps/ai-dream-journal/venv/lib/python3.9/site-packages/starlette/middleware/exceptions.py", line 62, in __call__
    await wrap_app_handling_exceptions(self.app, conn)(scope, receive, send)
  File "/Users/syamgith/Documents/Apps/ai-dream-journal/venv/lib/python3.9/site-packages/starlette/_exception_handler.py", line 64, in wrapped_app
    raise exc
  File "/Users/syamgith/Documents/Apps/ai-dream-journal/venv/lib/python3.9/site-packages/starlette/_exception_handler.py", line 53, in wrapped_app
    await app(scope, receive, sender)
  File "/Users/syamgith/Documents/Apps/ai-dream-journal/venv/lib/python3.9/site-packages/starlette/routing.py", line 762, in __call__
    await self.middleware_stack(scope, receive, send)
  File "/Users/syamgith/Documents/Apps/ai-dream-journal/venv/lib/python3.9/site-packages/starlette/routing.py", line 782, in app
    await route.handle(scope, receive, send)
  File "/Users/syamgith/Documents/Apps/ai-dream-journal/venv/lib/python3.9/site-packages/starlette/routing.py", line 297, in handle
    await self.app(scope, receive, send)
  File "/Users/syamgith/Documents/Apps/ai-dream-journal/venv/lib/python3.9/site-packages/starlette/routing.py", line 77, in app
    await wrap_app_handling_exceptions(app, request)(scope, receive, send)
  File "/Users/syamgith/Documents/Apps/ai-dream-journal/venv/lib/python3.9/site-packages/starlette/_exception_handler.py", line 64, in wrapped_app
    raise exc
  File "/Users/syamgith/Documents/Apps/ai-dream-journal/venv/lib/python3.9/site-packages/starlette/_exception_handler.py", line 53, in wrapped_app
    await app(scope, receive, sender)
  File "/Users/syamgith/Documents/Apps/ai-dream-journal/venv/lib/python3.9/site-packages/starlette/routing.py", line 72, in app
    response = await func(request)
  File "/Users/syamgith/Documents/Apps/ai-dream-journal/venv/lib/python3.9/site-packages/fastapi/routing.py", line 299, in app
    raise e
  File "/Users/syamgith/Documents/Apps/ai-dream-journal/venv/lib/python3.9/site-packages/fastapi/routing.py", line 294, in app
    raw_response = await run_endpoint_function(
  File "/Users/syamgith/Documents/Apps/ai-dream-journal/venv/lib/python3.9/site-packages/fastapi/routing.py", line 191, in run_endpoint_function
    return await dependant.call(**values)
  File "/Users/syamgith/Documents/Apps/ai-dream-journal/venv/lib/python3.9/site-packages/slowapi/extension.py", line 725, in async_wrapper
    raise Exception(
Exception: parameter `request` must be an instance of starlette.requests.Request

___________ TestDreamExplorerEndpoints.test_compare_dreams_not_found ___________
tests/test_dream_explorer_endpoints.py:252: in test_compare_dreams_not_found
    response = await client.post(
venv/lib/python3.9/site-packages/httpx/_client.py:1877: in post
    return await self.request(
venv/lib/python3.9/site-packages/httpx/_client.py:1559: in request
    return await self.send(request, auth=auth, follow_redirects=follow_redirects)
venv/lib/python3.9/site-packages/httpx/_client.py:1646: in send
    response = await self._send_handling_auth(
venv/lib/python3.9/site-packages/httpx/_client.py:1674: in _send_handling_auth
    response = await self._send_handling_redirects(
venv/lib/python3.9/site-packages/httpx/_client.py:1711: in _send_handling_redirects
    response = await self._send_single_request(request)
venv/lib/python3.9/site-packages/httpx/_client.py:1748: in _send_single_request
    response = await transport.handle_async_request(request)
venv/lib/python3.9/site-packages/httpx/_transports/asgi.py:162: in handle_async_request
    await self.app(scope, receive, send)
venv/lib/python3.9/site-packages/fastapi/applications.py:1054: in __call__
    await super().__call__(scope, receive, send)
venv/lib/python3.9/site-packages/starlette/applications.py:123: in __call__
    await self.middleware_stack(scope, receive, send)
venv/lib/python3.9/site-packages/starlette/middleware/errors.py:186: in __call__
    raise exc
venv/lib/python3.9/site-packages/starlette/middleware/errors.py:164: in __call__
    await self.app(scope, receive, _send)
venv/lib/python3.9/site-packages/starlette/middleware/cors.py:83: in __call__
    await self.app(scope, receive, send)
venv/lib/python3.9/site-packages/starlette/middleware/exceptions.py:62: in __call__
    await wrap_app_handling_exceptions(self.app, conn)(scope, receive, send)
venv/lib/python3.9/site-packages/starlette/_exception_handler.py:64: in wrapped_app
    raise exc
venv/lib/python3.9/site-packages/starlette/_exception_handler.py:53: in wrapped_app
    await app(scope, receive, sender)
venv/lib/python3.9/site-packages/starlette/routing.py:762: in __call__
    await self.middleware_stack(scope, receive, send)
venv/lib/python3.9/site-packages/starlette/routing.py:782: in app
    await route.handle(scope, receive, send)
venv/lib/python3.9/site-packages/starlette/routing.py:297: in handle
    await self.app(scope, receive, send)
venv/lib/python3.9/site-packages/starlette/routing.py:77: in app
    await wrap_app_handling_exceptions(app, request)(scope, receive, send)
venv/lib/python3.9/site-packages/starlette/_exception_handler.py:64: in wrapped_app
    raise exc
venv/lib/python3.9/site-packages/starlette/_exception_handler.py:53: in wrapped_app
    await app(scope, receive, sender)
venv/lib/python3.9/site-packages/starlette/routing.py:72: in app
    response = await func(request)
venv/lib/python3.9/site-packages/fastapi/routing.py:299: in app
    raise e
venv/lib/python3.9/site-packages/fastapi/routing.py:294: in app
    raw_response = await run_endpoint_function(
venv/lib/python3.9/site-packages/fastapi/routing.py:191: in run_endpoint_function
    return await dependant.call(**values)
venv/lib/python3.9/site-packages/slowapi/extension.py:725: in async_wrapper
    raise Exception(
E   Exception: parameter `request` must be an instance of starlette.requests.Request
----------------------------- Captured stderr call -----------------------------
2025-10-23 14:55:16.017 | ERROR    | src.backend.utils.error_handlers:generic_exception_handler:133 - Unhandled Exception: parameter `request` must be an instance of starlette.requests.Request | Path: /dream-explorer/compare | Traceback: Traceback (most recent call last):
  File "/Users/syamgith/Documents/Apps/ai-dream-journal/venv/lib/python3.9/site-packages/starlette/middleware/errors.py", line 164, in __call__
    await self.app(scope, receive, _send)
  File "/Users/syamgith/Documents/Apps/ai-dream-journal/venv/lib/python3.9/site-packages/starlette/middleware/cors.py", line 83, in __call__
    await self.app(scope, receive, send)
  File "/Users/syamgith/Documents/Apps/ai-dream-journal/venv/lib/python3.9/site-packages/starlette/middleware/exceptions.py", line 62, in __call__
    await wrap_app_handling_exceptions(self.app, conn)(scope, receive, send)
  File "/Users/syamgith/Documents/Apps/ai-dream-journal/venv/lib/python3.9/site-packages/starlette/_exception_handler.py", line 64, in wrapped_app
    raise exc
  File "/Users/syamgith/Documents/Apps/ai-dream-journal/venv/lib/python3.9/site-packages/starlette/_exception_handler.py", line 53, in wrapped_app
    await app(scope, receive, sender)
  File "/Users/syamgith/Documents/Apps/ai-dream-journal/venv/lib/python3.9/site-packages/starlette/routing.py", line 762, in __call__
    await self.middleware_stack(scope, receive, send)
  File "/Users/syamgith/Documents/Apps/ai-dream-journal/venv/lib/python3.9/site-packages/starlette/routing.py", line 782, in app
    await route.handle(scope, receive, send)
  File "/Users/syamgith/Documents/Apps/ai-dream-journal/venv/lib/python3.9/site-packages/starlette/routing.py", line 297, in handle
    await self.app(scope, receive, send)
  File "/Users/syamgith/Documents/Apps/ai-dream-journal/venv/lib/python3.9/site-packages/starlette/routing.py", line 77, in app
    await wrap_app_handling_exceptions(app, request)(scope, receive, send)
  File "/Users/syamgith/Documents/Apps/ai-dream-journal/venv/lib/python3.9/site-packages/starlette/_exception_handler.py", line 64, in wrapped_app
    raise exc
  File "/Users/syamgith/Documents/Apps/ai-dream-journal/venv/lib/python3.9/site-packages/starlette/_exception_handler.py", line 53, in wrapped_app
    await app(scope, receive, sender)
  File "/Users/syamgith/Documents/Apps/ai-dream-journal/venv/lib/python3.9/site-packages/starlette/routing.py", line 72, in app
    response = await func(request)
  File "/Users/syamgith/Documents/Apps/ai-dream-journal/venv/lib/python3.9/site-packages/fastapi/routing.py", line 299, in app
    raise e
  File "/Users/syamgith/Documents/Apps/ai-dream-journal/venv/lib/python3.9/site-packages/fastapi/routing.py", line 294, in app
    raw_response = await run_endpoint_function(
  File "/Users/syamgith/Documents/Apps/ai-dream-journal/venv/lib/python3.9/site-packages/fastapi/routing.py", line 191, in run_endpoint_function
    return await dependant.call(**values)
  File "/Users/syamgith/Documents/Apps/ai-dream-journal/venv/lib/python3.9/site-packages/slowapi/extension.py", line 725, in async_wrapper
    raise Exception(
Exception: parameter `request` must be an instance of starlette.requests.Request

___________ TestDreamExplorerEndpoints.test_search_with_date_filters ___________
tests/test_dream_explorer_endpoints.py:299: in test_search_with_date_filters
    response = await client.post(
venv/lib/python3.9/site-packages/httpx/_client.py:1877: in post
    return await self.request(
venv/lib/python3.9/site-packages/httpx/_client.py:1559: in request
    return await self.send(request, auth=auth, follow_redirects=follow_redirects)
venv/lib/python3.9/site-packages/httpx/_client.py:1646: in send
    response = await self._send_handling_auth(
venv/lib/python3.9/site-packages/httpx/_client.py:1674: in _send_handling_auth
    response = await self._send_handling_redirects(
venv/lib/python3.9/site-packages/httpx/_client.py:1711: in _send_handling_redirects
    response = await self._send_single_request(request)
venv/lib/python3.9/site-packages/httpx/_client.py:1748: in _send_single_request
    response = await transport.handle_async_request(request)
venv/lib/python3.9/site-packages/httpx/_transports/asgi.py:162: in handle_async_request
    await self.app(scope, receive, send)
venv/lib/python3.9/site-packages/fastapi/applications.py:1054: in __call__
    await super().__call__(scope, receive, send)
venv/lib/python3.9/site-packages/starlette/applications.py:123: in __call__
    await self.middleware_stack(scope, receive, send)
venv/lib/python3.9/site-packages/starlette/middleware/errors.py:186: in __call__
    raise exc
venv/lib/python3.9/site-packages/starlette/middleware/errors.py:164: in __call__
    await self.app(scope, receive, _send)
venv/lib/python3.9/site-packages/starlette/middleware/cors.py:83: in __call__
    await self.app(scope, receive, send)
venv/lib/python3.9/site-packages/starlette/middleware/exceptions.py:62: in __call__
    await wrap_app_handling_exceptions(self.app, conn)(scope, receive, send)
venv/lib/python3.9/site-packages/starlette/_exception_handler.py:64: in wrapped_app
    raise exc
venv/lib/python3.9/site-packages/starlette/_exception_handler.py:53: in wrapped_app
    await app(scope, receive, sender)
venv/lib/python3.9/site-packages/starlette/routing.py:762: in __call__
    await self.middleware_stack(scope, receive, send)
venv/lib/python3.9/site-packages/starlette/routing.py:782: in app
    await route.handle(scope, receive, send)
venv/lib/python3.9/site-packages/starlette/routing.py:297: in handle
    await self.app(scope, receive, send)
venv/lib/python3.9/site-packages/starlette/routing.py:77: in app
    await wrap_app_handling_exceptions(app, request)(scope, receive, send)
venv/lib/python3.9/site-packages/starlette/_exception_handler.py:64: in wrapped_app
    raise exc
venv/lib/python3.9/site-packages/starlette/_exception_handler.py:53: in wrapped_app
    await app(scope, receive, sender)
venv/lib/python3.9/site-packages/starlette/routing.py:72: in app
    response = await func(request)
venv/lib/python3.9/site-packages/fastapi/routing.py:299: in app
    raise e
venv/lib/python3.9/site-packages/fastapi/routing.py:294: in app
    raw_response = await run_endpoint_function(
venv/lib/python3.9/site-packages/fastapi/routing.py:191: in run_endpoint_function
    return await dependant.call(**values)
venv/lib/python3.9/site-packages/slowapi/extension.py:725: in async_wrapper
    raise Exception(
E   Exception: parameter `request` must be an instance of starlette.requests.Request
----------------------------- Captured stderr call -----------------------------
2025-10-23 14:55:16.495 | ERROR    | src.backend.utils.error_handlers:generic_exception_handler:133 - Unhandled Exception: parameter `request` must be an instance of starlette.requests.Request | Path: /dream-explorer/search | Traceback: Traceback (most recent call last):
  File "/Users/syamgith/Documents/Apps/ai-dream-journal/venv/lib/python3.9/site-packages/starlette/middleware/errors.py", line 164, in __call__
    await self.app(scope, receive, _send)
  File "/Users/syamgith/Documents/Apps/ai-dream-journal/venv/lib/python3.9/site-packages/starlette/middleware/cors.py", line 83, in __call__
    await self.app(scope, receive, send)
  File "/Users/syamgith/Documents/Apps/ai-dream-journal/venv/lib/python3.9/site-packages/starlette/middleware/exceptions.py", line 62, in __call__
    await wrap_app_handling_exceptions(self.app, conn)(scope, receive, send)
  File "/Users/syamgith/Documents/Apps/ai-dream-journal/venv/lib/python3.9/site-packages/starlette/_exception_handler.py", line 64, in wrapped_app
    raise exc
  File "/Users/syamgith/Documents/Apps/ai-dream-journal/venv/lib/python3.9/site-packages/starlette/_exception_handler.py", line 53, in wrapped_app
    await app(scope, receive, sender)
  File "/Users/syamgith/Documents/Apps/ai-dream-journal/venv/lib/python3.9/site-packages/starlette/routing.py", line 762, in __call__
    await self.middleware_stack(scope, receive, send)
  File "/Users/syamgith/Documents/Apps/ai-dream-journal/venv/lib/python3.9/site-packages/starlette/routing.py", line 782, in app
    await route.handle(scope, receive, send)
  File "/Users/syamgith/Documents/Apps/ai-dream-journal/venv/lib/python3.9/site-packages/starlette/routing.py", line 297, in handle
    await self.app(scope, receive, send)
  File "/Users/syamgith/Documents/Apps/ai-dream-journal/venv/lib/python3.9/site-packages/starlette/routing.py", line 77, in app
    await wrap_app_handling_exceptions(app, request)(scope, receive, send)
  File "/Users/syamgith/Documents/Apps/ai-dream-journal/venv/lib/python3.9/site-packages/starlette/_exception_handler.py", line 64, in wrapped_app
    raise exc
  File "/Users/syamgith/Documents/Apps/ai-dream-journal/venv/lib/python3.9/site-packages/starlette/_exception_handler.py", line 53, in wrapped_app
    await app(scope, receive, sender)
  File "/Users/syamgith/Documents/Apps/ai-dream-journal/venv/lib/python3.9/site-packages/starlette/routing.py", line 72, in app
    response = await func(request)
  File "/Users/syamgith/Documents/Apps/ai-dream-journal/venv/lib/python3.9/site-packages/fastapi/routing.py", line 299, in app
    raise e
  File "/Users/syamgith/Documents/Apps/ai-dream-journal/venv/lib/python3.9/site-packages/fastapi/routing.py", line 294, in app
    raw_response = await run_endpoint_function(
  File "/Users/syamgith/Documents/Apps/ai-dream-journal/venv/lib/python3.9/site-packages/fastapi/routing.py", line 191, in run_endpoint_function
    return await dependant.call(**values)
  File "/Users/syamgith/Documents/Apps/ai-dream-journal/venv/lib/python3.9/site-packages/slowapi/extension.py", line 725, in async_wrapper
    raise Exception(
Exception: parameter `request` must be an instance of starlette.requests.Request

___________ TestDreamExplorerEndpoints.test_search_with_emotion_tags ___________
tests/test_dream_explorer_endpoints.py:322: in test_search_with_emotion_tags
    response = await client.post(
venv/lib/python3.9/site-packages/httpx/_client.py:1877: in post
    return await self.request(
venv/lib/python3.9/site-packages/httpx/_client.py:1559: in request
    return await self.send(request, auth=auth, follow_redirects=follow_redirects)
venv/lib/python3.9/site-packages/httpx/_client.py:1646: in send
    response = await self._send_handling_auth(
venv/lib/python3.9/site-packages/httpx/_client.py:1674: in _send_handling_auth
    response = await self._send_handling_redirects(
venv/lib/python3.9/site-packages/httpx/_client.py:1711: in _send_handling_redirects
    response = await self._send_single_request(request)
venv/lib/python3.9/site-packages/httpx/_client.py:1748: in _send_single_request
    response = await transport.handle_async_request(request)
venv/lib/python3.9/site-packages/httpx/_transports/asgi.py:162: in handle_async_request
    await self.app(scope, receive, send)
venv/lib/python3.9/site-packages/fastapi/applications.py:1054: in __call__
    await super().__call__(scope, receive, send)
venv/lib/python3.9/site-packages/starlette/applications.py:123: in __call__
    await self.middleware_stack(scope, receive, send)
venv/lib/python3.9/site-packages/starlette/middleware/errors.py:186: in __call__
    raise exc
venv/lib/python3.9/site-packages/starlette/middleware/errors.py:164: in __call__
    await self.app(scope, receive, _send)
venv/lib/python3.9/site-packages/starlette/middleware/cors.py:83: in __call__
    await self.app(scope, receive, send)
venv/lib/python3.9/site-packages/starlette/middleware/exceptions.py:62: in __call__
    await wrap_app_handling_exceptions(self.app, conn)(scope, receive, send)
venv/lib/python3.9/site-packages/starlette/_exception_handler.py:64: in wrapped_app
    raise exc
venv/lib/python3.9/site-packages/starlette/_exception_handler.py:53: in wrapped_app
    await app(scope, receive, sender)
venv/lib/python3.9/site-packages/starlette/routing.py:762: in __call__
    await self.middleware_stack(scope, receive, send)
venv/lib/python3.9/site-packages/starlette/routing.py:782: in app
    await route.handle(scope, receive, send)
venv/lib/python3.9/site-packages/starlette/routing.py:297: in handle
    await self.app(scope, receive, send)
venv/lib/python3.9/site-packages/starlette/routing.py:77: in app
    await wrap_app_handling_exceptions(app, request)(scope, receive, send)
venv/lib/python3.9/site-packages/starlette/_exception_handler.py:64: in wrapped_app
    raise exc
venv/lib/python3.9/site-packages/starlette/_exception_handler.py:53: in wrapped_app
    await app(scope, receive, sender)
venv/lib/python3.9/site-packages/starlette/routing.py:72: in app
    response = await func(request)
venv/lib/python3.9/site-packages/fastapi/routing.py:299: in app
    raise e
venv/lib/python3.9/site-packages/fastapi/routing.py:294: in app
    raw_response = await run_endpoint_function(
venv/lib/python3.9/site-packages/fastapi/routing.py:191: in run_endpoint_function
    return await dependant.call(**values)
venv/lib/python3.9/site-packages/slowapi/extension.py:725: in async_wrapper
    raise Exception(
E   Exception: parameter `request` must be an instance of starlette.requests.Request
----------------------------- Captured stderr call -----------------------------
2025-10-23 14:55:16.987 | ERROR    | src.backend.utils.error_handlers:generic_exception_handler:133 - Unhandled Exception: parameter `request` must be an instance of starlette.requests.Request | Path: /dream-explorer/search | Traceback: Traceback (most recent call last):
  File "/Users/syamgith/Documents/Apps/ai-dream-journal/venv/lib/python3.9/site-packages/starlette/middleware/errors.py", line 164, in __call__
    await self.app(scope, receive, _send)
  File "/Users/syamgith/Documents/Apps/ai-dream-journal/venv/lib/python3.9/site-packages/starlette/middleware/cors.py", line 83, in __call__
    await self.app(scope, receive, send)
  File "/Users/syamgith/Documents/Apps/ai-dream-journal/venv/lib/python3.9/site-packages/starlette/middleware/exceptions.py", line 62, in __call__
    await wrap_app_handling_exceptions(self.app, conn)(scope, receive, send)
  File "/Users/syamgith/Documents/Apps/ai-dream-journal/venv/lib/python3.9/site-packages/starlette/_exception_handler.py", line 64, in wrapped_app
    raise exc
  File "/Users/syamgith/Documents/Apps/ai-dream-journal/venv/lib/python3.9/site-packages/starlette/_exception_handler.py", line 53, in wrapped_app
    await app(scope, receive, sender)
  File "/Users/syamgith/Documents/Apps/ai-dream-journal/venv/lib/python3.9/site-packages/starlette/routing.py", line 762, in __call__
    await self.middleware_stack(scope, receive, send)
  File "/Users/syamgith/Documents/Apps/ai-dream-journal/venv/lib/python3.9/site-packages/starlette/routing.py", line 782, in app
    await route.handle(scope, receive, send)
  File "/Users/syamgith/Documents/Apps/ai-dream-journal/venv/lib/python3.9/site-packages/starlette/routing.py", line 297, in handle
    await self.app(scope, receive, send)
  File "/Users/syamgith/Documents/Apps/ai-dream-journal/venv/lib/python3.9/site-packages/starlette/routing.py", line 77, in app
    await wrap_app_handling_exceptions(app, request)(scope, receive, send)
  File "/Users/syamgith/Documents/Apps/ai-dream-journal/venv/lib/python3.9/site-packages/starlette/_exception_handler.py", line 64, in wrapped_app
    raise exc
  File "/Users/syamgith/Documents/Apps/ai-dream-journal/venv/lib/python3.9/site-packages/starlette/_exception_handler.py", line 53, in wrapped_app
    await app(scope, receive, sender)
  File "/Users/syamgith/Documents/Apps/ai-dream-journal/venv/lib/python3.9/site-packages/starlette/routing.py", line 72, in app
    response = await func(request)
  File "/Users/syamgith/Documents/Apps/ai-dream-journal/venv/lib/python3.9/site-packages/fastapi/routing.py", line 299, in app
    raise e
  File "/Users/syamgith/Documents/Apps/ai-dream-journal/venv/lib/python3.9/site-packages/fastapi/routing.py", line 294, in app
    raw_response = await run_endpoint_function(
  File "/Users/syamgith/Documents/Apps/ai-dream-journal/venv/lib/python3.9/site-packages/fastapi/routing.py", line 191, in run_endpoint_function
    return await dependant.call(**values)
  File "/Users/syamgith/Documents/Apps/ai-dream-journal/venv/lib/python3.9/site-packages/slowapi/extension.py", line 725, in async_wrapper
    raise Exception(
Exception: parameter `request` must be an instance of starlette.requests.Request

________ TestDreamExplorerEndpoints.test_ask_question_with_chat_history ________
tests/test_dream_explorer_endpoints.py:366: in test_ask_question_with_chat_history
    assert response.status_code == 200
E   assert 500 == 200
E    +  where 500 = <Response [500 Internal Server Error]>.status_code
----------------------------- Captured stderr call -----------------------------
2025-10-23 14:55:17.359 | INFO     | src.backend.api.endpoints.dream_explorer:ask_question:73 - Processing dream explorer query for user 123
2025-10-23 14:55:17.359 | ERROR    | src.backend.api.endpoints.dream_explorer:ask_question:90 - Error in ask_question endpoint: object dict can't be used in 'await' expression
_______________ TestDreamExplorerService.test_ask_question_basic _______________
/usr/local/Cellar/python@3.9/3.9.1_7/Frameworks/Python.framework/Versions/3.9/lib/python3.9/unittest/mock.py:1502: in __enter__
    setattr(self.target, self.attribute, new_attr)
venv/lib/python3.9/site-packages/pydantic/v1/main.py:357: in __setattr__
    raise ValueError(f'"{self.__class__.__name__}" object has no field "{name}"')
E   ValueError: "LLMChain" object has no field "arun"

During handling of the above exception, another exception occurred:
tests/test_dream_explorer_service.py:115: in test_ask_question_basic
    with patch.object(service.chain, 'arun') as mock_chain:
/usr/local/Cellar/python@3.9/3.9.1_7/Frameworks/Python.framework/Versions/3.9/lib/python3.9/unittest/mock.py:1515: in __enter__
    if not self.__exit__(*sys.exc_info()):
/usr/local/Cellar/python@3.9/3.9.1_7/Frameworks/Python.framework/Versions/3.9/lib/python3.9/unittest/mock.py:1523: in __exit__
    delattr(self.target, self.attribute)
E   AttributeError: arun
----------------------------- Captured stderr call -----------------------------
2025-10-23 14:55:17.406 | INFO     | src.backend.services.dream_explorer_service:__init__:59 - Initializing Dream Explorer with model: gemini-2.5-flash-lite
_________ TestDreamExplorerService.test_ask_question_with_chat_history _________
/usr/local/Cellar/python@3.9/3.9.1_7/Frameworks/Python.framework/Versions/3.9/lib/python3.9/unittest/mock.py:1502: in __enter__
    setattr(self.target, self.attribute, new_attr)
venv/lib/python3.9/site-packages/pydantic/v1/main.py:357: in __setattr__
    raise ValueError(f'"{self.__class__.__name__}" object has no field "{name}"')
E   ValueError: "LLMChain" object has no field "arun"

During handling of the above exception, another exception occurred:
tests/test_dream_explorer_service.py:146: in test_ask_question_with_chat_history
    with patch.object(service.chain, 'arun') as mock_chain:
/usr/local/Cellar/python@3.9/3.9.1_7/Frameworks/Python.framework/Versions/3.9/lib/python3.9/unittest/mock.py:1515: in __enter__
    if not self.__exit__(*sys.exc_info()):
/usr/local/Cellar/python@3.9/3.9.1_7/Frameworks/Python.framework/Versions/3.9/lib/python3.9/unittest/mock.py:1523: in __exit__
    delattr(self.target, self.attribute)
E   AttributeError: arun
----------------------------- Captured stderr call -----------------------------
2025-10-23 14:55:17.700 | INFO     | src.backend.services.dream_explorer_service:__init__:59 - Initializing Dream Explorer with model: gemini-2.5-flash-lite
___________ TestDreamExplorerService.test_ask_question_custom_top_k ____________
/usr/local/Cellar/python@3.9/3.9.1_7/Frameworks/Python.framework/Versions/3.9/lib/python3.9/unittest/mock.py:1502: in __enter__
    setattr(self.target, self.attribute, new_attr)
venv/lib/python3.9/site-packages/pydantic/v1/main.py:357: in __setattr__
    raise ValueError(f'"{self.__class__.__name__}" object has no field "{name}"')
E   ValueError: "LLMChain" object has no field "arun"

During handling of the above exception, another exception occurred:
tests/test_dream_explorer_service.py:168: in test_ask_question_custom_top_k
    with patch.object(service.chain, 'arun') as mock_chain:
/usr/local/Cellar/python@3.9/3.9.1_7/Frameworks/Python.framework/Versions/3.9/lib/python3.9/unittest/mock.py:1515: in __enter__
    if not self.__exit__(*sys.exc_info()):
/usr/local/Cellar/python@3.9/3.9.1_7/Frameworks/Python.framework/Versions/3.9/lib/python3.9/unittest/mock.py:1523: in __exit__
    delattr(self.target, self.attribute)
E   AttributeError: arun
----------------------------- Captured stderr call -----------------------------
2025-10-23 14:55:17.847 | INFO     | src.backend.services.dream_explorer_service:__init__:59 - Initializing Dream Explorer with model: gemini-2.5-flash-lite
_________________ TestDreamExplorerService.test_find_patterns __________________
/usr/local/Cellar/python@3.9/3.9.1_7/Frameworks/Python.framework/Versions/3.9/lib/python3.9/unittest/mock.py:1502: in __enter__
    setattr(self.target, self.attribute, new_attr)
venv/lib/python3.9/site-packages/pydantic/v1/main.py:357: in __setattr__
    raise ValueError(f'"{self.__class__.__name__}" object has no field "{name}"')
E   ValueError: "ChatGoogleGenerativeAI" object has no field "apredict"

During handling of the above exception, another exception occurred:
tests/test_dream_explorer_service.py:191: in test_find_patterns
    with patch.object(service.llm, 'apredict') as mock_llm:
/usr/local/Cellar/python@3.9/3.9.1_7/Frameworks/Python.framework/Versions/3.9/lib/python3.9/unittest/mock.py:1515: in __enter__
    if not self.__exit__(*sys.exc_info()):
/usr/local/Cellar/python@3.9/3.9.1_7/Frameworks/Python.framework/Versions/3.9/lib/python3.9/unittest/mock.py:1523: in __exit__
    delattr(self.target, self.attribute)
E   AttributeError: apredict
----------------------------- Captured stderr call -----------------------------
2025-10-23 14:55:17.996 | INFO     | src.backend.services.dream_explorer_service:__init__:59 - Initializing Dream Explorer with model: gemini-2.5-flash-lite
___________ TestDreamExplorerService.test_find_patterns_custom_top_k ___________
/usr/local/Cellar/python@3.9/3.9.1_7/Frameworks/Python.framework/Versions/3.9/lib/python3.9/unittest/mock.py:1502: in __enter__
    setattr(self.target, self.attribute, new_attr)
venv/lib/python3.9/site-packages/pydantic/v1/main.py:357: in __setattr__
    raise ValueError(f'"{self.__class__.__name__}" object has no field "{name}"')
E   ValueError: "ChatGoogleGenerativeAI" object has no field "apredict"

During handling of the above exception, another exception occurred:
tests/test_dream_explorer_service.py:214: in test_find_patterns_custom_top_k
    with patch.object(service.llm, 'apredict') as mock_llm:
/usr/local/Cellar/python@3.9/3.9.1_7/Frameworks/Python.framework/Versions/3.9/lib/python3.9/unittest/mock.py:1515: in __enter__
    if not self.__exit__(*sys.exc_info()):
/usr/local/Cellar/python@3.9/3.9.1_7/Frameworks/Python.framework/Versions/3.9/lib/python3.9/unittest/mock.py:1523: in __exit__
    delattr(self.target, self.attribute)
E   AttributeError: apredict
----------------------------- Captured stderr call -----------------------------
2025-10-23 14:55:18.148 | INFO     | src.backend.services.dream_explorer_service:__init__:59 - Initializing Dream Explorer with model: gemini-2.5-flash-lite
_________________ TestDreamExplorerService.test_compare_dreams _________________
/usr/local/Cellar/python@3.9/3.9.1_7/Frameworks/Python.framework/Versions/3.9/lib/python3.9/unittest/mock.py:1502: in __enter__
    setattr(self.target, self.attribute, new_attr)
venv/lib/python3.9/site-packages/pydantic/v1/main.py:357: in __setattr__
    raise ValueError(f'"{self.__class__.__name__}" object has no field "{name}"')
E   ValueError: "ChatGoogleGenerativeAI" object has no field "apredict"

During handling of the above exception, another exception occurred:
tests/test_dream_explorer_service.py:249: in test_compare_dreams
    with patch.object(service.llm, 'apredict') as mock_llm:
/usr/local/Cellar/python@3.9/3.9.1_7/Frameworks/Python.framework/Versions/3.9/lib/python3.9/unittest/mock.py:1515: in __enter__
    if not self.__exit__(*sys.exc_info()):
/usr/local/Cellar/python@3.9/3.9.1_7/Frameworks/Python.framework/Versions/3.9/lib/python3.9/unittest/mock.py:1523: in __exit__
    delattr(self.target, self.attribute)
E   AttributeError: apredict
----------------------------- Captured stderr call -----------------------------
2025-10-23 14:55:18.440 | INFO     | src.backend.services.dream_explorer_service:__init__:59 - Initializing Dream Explorer with model: gemini-2.5-flash-lite
____________ TestDreamExplorerService.test_ask_question_no_results _____________
/usr/local/Cellar/python@3.9/3.9.1_7/Frameworks/Python.framework/Versions/3.9/lib/python3.9/unittest/mock.py:1502: in __enter__
    setattr(self.target, self.attribute, new_attr)
venv/lib/python3.9/site-packages/pydantic/v1/main.py:357: in __setattr__
    raise ValueError(f'"{self.__class__.__name__}" object has no field "{name}"')
E   ValueError: "LLMChain" object has no field "arun"

During handling of the above exception, another exception occurred:
tests/test_dream_explorer_service.py:305: in test_ask_question_no_results
    with patch.object(service.chain, 'arun') as mock_chain:
/usr/local/Cellar/python@3.9/3.9.1_7/Frameworks/Python.framework/Versions/3.9/lib/python3.9/unittest/mock.py:1515: in __enter__
    if not self.__exit__(*sys.exc_info()):
/usr/local/Cellar/python@3.9/3.9.1_7/Frameworks/Python.framework/Versions/3.9/lib/python3.9/unittest/mock.py:1523: in __exit__
    delattr(self.target, self.attribute)
E   AttributeError: arun
----------------------------- Captured stderr call -----------------------------
2025-10-23 14:55:18.602 | INFO     | src.backend.services.dream_explorer_service:__init__:59 - Initializing Dream Explorer with model: gemini-2.5-flash-lite
______________________________ test_register_user ______________________________
tests/test_user_endpoints.py:8: in test_register_user
    response = client.post("/users/register", json={
venv/lib/python3.9/site-packages/starlette/testclient.py:593: in post
    return super().post(
venv/lib/python3.9/site-packages/httpx/_client.py:1146: in post
    return self.request(
venv/lib/python3.9/site-packages/starlette/testclient.py:468: in request
    return super().request(
venv/lib/python3.9/site-packages/httpx/_client.py:828: in request
    return self.send(request, auth=auth, follow_redirects=follow_redirects)
venv/lib/python3.9/site-packages/httpx/_client.py:915: in send
    response = self._send_handling_auth(
venv/lib/python3.9/site-packages/httpx/_client.py:943: in _send_handling_auth
    response = self._send_handling_redirects(
venv/lib/python3.9/site-packages/httpx/_client.py:980: in _send_handling_redirects
    response = self._send_single_request(request)
venv/lib/python3.9/site-packages/httpx/_client.py:1016: in _send_single_request
    response = transport.handle_request(request)
venv/lib/python3.9/site-packages/starlette/testclient.py:344: in handle_request
    raise exc
venv/lib/python3.9/site-packages/starlette/testclient.py:341: in handle_request
    portal.call(self.app, scope, receive, send)
venv/lib/python3.9/site-packages/anyio/from_thread.py:290: in call
    return cast(T_Retval, self.start_task_soon(func, *args).result())
/usr/local/Cellar/python@3.9/3.9.1_7/Frameworks/Python.framework/Versions/3.9/lib/python3.9/concurrent/futures/_base.py:440: in result
    return self.__get_result()
/usr/local/Cellar/python@3.9/3.9.1_7/Frameworks/Python.framework/Versions/3.9/lib/python3.9/concurrent/futures/_base.py:389: in __get_result
    raise self._exception
venv/lib/python3.9/site-packages/anyio/from_thread.py:221: in _call_func
    retval = await retval_or_awaitable
venv/lib/python3.9/site-packages/fastapi/applications.py:1054: in __call__
    await super().__call__(scope, receive, send)
venv/lib/python3.9/site-packages/starlette/applications.py:123: in __call__
    await self.middleware_stack(scope, receive, send)
venv/lib/python3.9/site-packages/starlette/middleware/errors.py:186: in __call__
    raise exc
venv/lib/python3.9/site-packages/starlette/middleware/errors.py:164: in __call__
    await self.app(scope, receive, _send)
venv/lib/python3.9/site-packages/starlette/middleware/cors.py:83: in __call__
    await self.app(scope, receive, send)
venv/lib/python3.9/site-packages/starlette/middleware/exceptions.py:62: in __call__
    await wrap_app_handling_exceptions(self.app, conn)(scope, receive, send)
venv/lib/python3.9/site-packages/starlette/_exception_handler.py:64: in wrapped_app
    raise exc
venv/lib/python3.9/site-packages/starlette/_exception_handler.py:53: in wrapped_app
    await app(scope, receive, sender)
venv/lib/python3.9/site-packages/starlette/routing.py:762: in __call__
    await self.middleware_stack(scope, receive, send)
venv/lib/python3.9/site-packages/starlette/routing.py:782: in app
    await route.handle(scope, receive, send)
venv/lib/python3.9/site-packages/starlette/routing.py:297: in handle
    await self.app(scope, receive, send)
venv/lib/python3.9/site-packages/starlette/routing.py:77: in app
    await wrap_app_handling_exceptions(app, request)(scope, receive, send)
venv/lib/python3.9/site-packages/starlette/_exception_handler.py:64: in wrapped_app
    raise exc
venv/lib/python3.9/site-packages/starlette/_exception_handler.py:53: in wrapped_app
    await app(scope, receive, sender)
venv/lib/python3.9/site-packages/starlette/routing.py:72: in app
    response = await func(request)
venv/lib/python3.9/site-packages/fastapi/routing.py:299: in app
    raise e
venv/lib/python3.9/site-packages/fastapi/routing.py:294: in app
    raw_response = await run_endpoint_function(
venv/lib/python3.9/site-packages/fastapi/routing.py:191: in run_endpoint_function
    return await dependant.call(**values)
src/backend/api/endpoints/users.py:21: in register_user
    existing_email = await db.execute(select(User).where(User.email == user.email))
venv/lib/python3.9/site-packages/sqlalchemy/ext/asyncio/session.py:313: in execute
    result = await greenlet_spawn(
venv/lib/python3.9/site-packages/sqlalchemy/util/_concurrency_py3k.py:165: in greenlet_spawn
    result = context.throw(*sys.exc_info())
venv/lib/python3.9/site-packages/sqlalchemy/orm/session.py:2229: in execute
    return self._execute_internal(
venv/lib/python3.9/site-packages/sqlalchemy/orm/session.py:2114: in _execute_internal
    conn = self._connection_for_bind(bind)
venv/lib/python3.9/site-packages/sqlalchemy/orm/session.py:1981: in _connection_for_bind
    return trans._connection_for_bind(engine, execution_options)
<string>:2: in _connection_for_bind
    ???
venv/lib/python3.9/site-packages/sqlalchemy/orm/state_changes.py:137: in _go
    ret_value = fn(self, *arg, **kw)
venv/lib/python3.9/site-packages/sqlalchemy/orm/session.py:1108: in _connection_for_bind
    conn = bind.connect()
venv/lib/python3.9/site-packages/sqlalchemy/engine/base.py:3251: in connect
    return self._connection_cls(self)
venv/lib/python3.9/site-packages/sqlalchemy/engine/base.py:145: in __init__
    self._dbapi_connection = engine.raw_connection()
venv/lib/python3.9/site-packages/sqlalchemy/engine/base.py:3275: in raw_connection
    return self.pool.connect()
venv/lib/python3.9/site-packages/sqlalchemy/pool/base.py:455: in connect
    return _ConnectionFairy._checkout(self)
venv/lib/python3.9/site-packages/sqlalchemy/pool/base.py:1380: in _checkout
    del fairy
venv/lib/python3.9/site-packages/sqlalchemy/util/langhelpers.py:147: in __exit__
    raise exc_value.with_traceback(exc_tb)
venv/lib/python3.9/site-packages/sqlalchemy/pool/base.py:1308: in _checkout
    result = pool._dialect._do_ping_w_event(
venv/lib/python3.9/site-packages/sqlalchemy/engine/default.py:674: in _do_ping_w_event
    return self.do_ping(dbapi_connection)
venv/lib/python3.9/site-packages/sqlalchemy/dialects/postgresql/asyncpg.py:995: in do_ping
    dbapi_connection.ping()
venv/lib/python3.9/site-packages/sqlalchemy/dialects/postgresql/asyncpg.py:738: in ping
    self._handle_exception(error)
venv/lib/python3.9/site-packages/sqlalchemy/dialects/postgresql/asyncpg.py:719: in _handle_exception
    raise error
venv/lib/python3.9/site-packages/sqlalchemy/dialects/postgresql/asyncpg.py:736: in ping
    _ = self.await_(self._connection.fetchrow(";"))
venv/lib/python3.9/site-packages/sqlalchemy/util/_concurrency_py3k.py:102: in await_only
    return current.driver.switch(awaitable)  # type: ignore[no-any-return]
venv/lib/python3.9/site-packages/sqlalchemy/util/_concurrency_py3k.py:160: in greenlet_spawn
    value = await result
venv/lib/python3.9/site-packages/asyncpg/connection.py:749: in fetchrow
    data = await self._execute(
venv/lib/python3.9/site-packages/asyncpg/connection.py:1794: in _execute
    result, _ = await self.__execute(
venv/lib/python3.9/site-packages/asyncpg/connection.py:1892: in __execute
    result, stmt = await self._do_execute(
venv/lib/python3.9/site-packages/asyncpg/connection.py:1925: in _do_execute
    stmt = await self._get_statement(
venv/lib/python3.9/site-packages/asyncpg/connection.py:433: in _get_statement
    statement = await self._protocol.prepare(
asyncpg/protocol/protocol.pyx:166: in prepare
    ???
E   RuntimeError: Task <Task pending name='anyio.from_thread.BlockingPortal._call_func' coro=<BlockingPortal._call_func() running at /Users/syamgith/Documents/Apps/ai-dream-journal/venv/lib/python3.9/site-packages/anyio/from_thread.py:221> cb=[TaskGroup._spawn.<locals>.task_done() at /Users/syamgith/Documents/Apps/ai-dream-journal/venv/lib/python3.9/site-packages/anyio/_backends/_asyncio.py:785]> got Future <Future pending cb=[Protocol._on_waiter_completed()]> attached to a different loop
----------------------------- Captured stderr call -----------------------------
2025-10-23 14:55:18.866 | ERROR    | src.backend.utils.error_handlers:generic_exception_handler:133 - Unhandled Exception: Task <Task pending name='anyio.from_thread.BlockingPortal._call_func' coro=<BlockingPortal._call_func() running at /Users/syamgith/Documents/Apps/ai-dream-journal/venv/lib/python3.9/site-packages/anyio/from_thread.py:221> cb=[TaskGroup._spawn.<locals>.task_done() at /Users/syamgith/Documents/Apps/ai-dream-journal/venv/lib/python3.9/site-packages/anyio/_backends/_asyncio.py:785]> got Future <Future pending cb=[Protocol._on_waiter_completed()]> attached to a different loop | Path: /users/register | Traceback: Traceback (most recent call last):
  File "/Users/syamgith/Documents/Apps/ai-dream-journal/venv/lib/python3.9/site-packages/starlette/middleware/errors.py", line 164, in __call__
    await self.app(scope, receive, _send)
  File "/Users/syamgith/Documents/Apps/ai-dream-journal/venv/lib/python3.9/site-packages/starlette/middleware/cors.py", line 83, in __call__
    await self.app(scope, receive, send)
  File "/Users/syamgith/Documents/Apps/ai-dream-journal/venv/lib/python3.9/site-packages/starlette/middleware/exceptions.py", line 62, in __call__
    await wrap_app_handling_exceptions(self.app, conn)(scope, receive, send)
  File "/Users/syamgith/Documents/Apps/ai-dream-journal/venv/lib/python3.9/site-packages/starlette/_exception_handler.py", line 64, in wrapped_app
    raise exc
  File "/Users/syamgith/Documents/Apps/ai-dream-journal/venv/lib/python3.9/site-packages/starlette/_exception_handler.py", line 53, in wrapped_app
    await app(scope, receive, sender)
  File "/Users/syamgith/Documents/Apps/ai-dream-journal/venv/lib/python3.9/site-packages/starlette/routing.py", line 762, in __call__
    await self.middleware_stack(scope, receive, send)
  File "/Users/syamgith/Documents/Apps/ai-dream-journal/venv/lib/python3.9/site-packages/starlette/routing.py", line 782, in app
    await route.handle(scope, receive, send)
  File "/Users/syamgith/Documents/Apps/ai-dream-journal/venv/lib/python3.9/site-packages/starlette/routing.py", line 297, in handle
    await self.app(scope, receive, send)
  File "/Users/syamgith/Documents/Apps/ai-dream-journal/venv/lib/python3.9/site-packages/starlette/routing.py", line 77, in app
    await wrap_app_handling_exceptions(app, request)(scope, receive, send)
  File "/Users/syamgith/Documents/Apps/ai-dream-journal/venv/lib/python3.9/site-packages/starlette/_exception_handler.py", line 64, in wrapped_app
    raise exc
  File "/Users/syamgith/Documents/Apps/ai-dream-journal/venv/lib/python3.9/site-packages/starlette/_exception_handler.py", line 53, in wrapped_app
    await app(scope, receive, sender)
  File "/Users/syamgith/Documents/Apps/ai-dream-journal/venv/lib/python3.9/site-packages/starlette/routing.py", line 72, in app
    response = await func(request)
  File "/Users/syamgith/Documents/Apps/ai-dream-journal/venv/lib/python3.9/site-packages/fastapi/routing.py", line 299, in app
    raise e
  File "/Users/syamgith/Documents/Apps/ai-dream-journal/venv/lib/python3.9/site-packages/fastapi/routing.py", line 294, in app
    raw_response = await run_endpoint_function(
  File "/Users/syamgith/Documents/Apps/ai-dream-journal/venv/lib/python3.9/site-packages/fastapi/routing.py", line 191, in run_endpoint_function
    return await dependant.call(**values)
  File "/Users/syamgith/Documents/Apps/ai-dream-journal/src/backend/api/endpoints/users.py", line 21, in register_user
    existing_email = await db.execute(select(User).where(User.email == user.email))
  File "/Users/syamgith/Documents/Apps/ai-dream-journal/venv/lib/python3.9/site-packages/sqlalchemy/ext/asyncio/session.py", line 313, in execute
    result = await greenlet_spawn(
  File "/Users/syamgith/Documents/Apps/ai-dream-journal/venv/lib/python3.9/site-packages/sqlalchemy/util/_concurrency_py3k.py", line 165, in greenlet_spawn
    result = context.throw(*sys.exc_info())
  File "/Users/syamgith/Documents/Apps/ai-dream-journal/venv/lib/python3.9/site-packages/sqlalchemy/orm/session.py", line 2229, in execute
    return self._execute_internal(
  File "/Users/syamgith/Documents/Apps/ai-dream-journal/venv/lib/python3.9/site-packages/sqlalchemy/orm/session.py", line 2114, in _execute_internal
    conn = self._connection_for_bind(bind)
  File "/Users/syamgith/Documents/Apps/ai-dream-journal/venv/lib/python3.9/site-packages/sqlalchemy/orm/session.py", line 1981, in _connection_for_bind
    return trans._connection_for_bind(engine, execution_options)
  File "<string>", line 2, in _connection_for_bind
  File "/Users/syamgith/Documents/Apps/ai-dream-journal/venv/lib/python3.9/site-packages/sqlalchemy/orm/state_changes.py", line 137, in _go
    ret_value = fn(self, *arg, **kw)
  File "/Users/syamgith/Documents/Apps/ai-dream-journal/venv/lib/python3.9/site-packages/sqlalchemy/orm/session.py", line 1108, in _connection_for_bind
    conn = bind.connect()
  File "/Users/syamgith/Documents/Apps/ai-dream-journal/venv/lib/python3.9/site-packages/sqlalchemy/engine/base.py", line 3251, in connect
    return self._connection_cls(self)
  File "/Users/syamgith/Documents/Apps/ai-dream-journal/venv/lib/python3.9/site-packages/sqlalchemy/engine/base.py", line 145, in __init__
    self._dbapi_connection = engine.raw_connection()
  File "/Users/syamgith/Documents/Apps/ai-dream-journal/venv/lib/python3.9/site-packages/sqlalchemy/engine/base.py", line 3275, in raw_connection
    return self.pool.connect()
  File "/Users/syamgith/Documents/Apps/ai-dream-journal/venv/lib/python3.9/site-packages/sqlalchemy/pool/base.py", line 455, in connect
    return _ConnectionFairy._checkout(self)
  File "/Users/syamgith/Documents/Apps/ai-dream-journal/venv/lib/python3.9/site-packages/sqlalchemy/pool/base.py", line 1380, in _checkout
    del fairy
  File "/Users/syamgith/Documents/Apps/ai-dream-journal/venv/lib/python3.9/site-packages/sqlalchemy/util/langhelpers.py", line 147, in __exit__
    raise exc_value.with_traceback(exc_tb)
  File "/Users/syamgith/Documents/Apps/ai-dream-journal/venv/lib/python3.9/site-packages/sqlalchemy/pool/base.py", line 1308, in _checkout
    result = pool._dialect._do_ping_w_event(
  File "/Users/syamgith/Documents/Apps/ai-dream-journal/venv/lib/python3.9/site-packages/sqlalchemy/engine/default.py", line 674, in _do_ping_w_event
    return self.do_ping(dbapi_connection)
  File "/Users/syamgith/Documents/Apps/ai-dream-journal/venv/lib/python3.9/site-packages/sqlalchemy/dialects/postgresql/asyncpg.py", line 995, in do_ping
    dbapi_connection.ping()
  File "/Users/syamgith/Documents/Apps/ai-dream-journal/venv/lib/python3.9/site-packages/sqlalchemy/dialects/postgresql/asyncpg.py", line 738, in ping
    self._handle_exception(error)
[...]
  File "/Users/syamgith/Documents/Apps/ai-dream-journal/venv/lib/python3.9/site-packages/sqlalchemy/orm/session.py", line 1981, in _connection_for_bind
    return trans._connection_for_bind(engine, execution_options)
  File "<string>", line 2, in _connection_for_bind
  File "/Users/syamgith/Documents/Apps/ai-dream-journal/venv/lib/python3.9/site-packages/sqlalchemy/orm/state_changes.py", line 137, in _go
    ret_value = fn(self, *arg, **kw)
  File "/Users/syamgith/Documents/Apps/ai-dream-journal/venv/lib/python3.9/site-packages/sqlalchemy/orm/session.py", line 1108, in _connection_for_bind
    conn = bind.connect()
  File "/Users/syamgith/Documents/Apps/ai-dream-journal/venv/lib/python3.9/site-packages/sqlalchemy/engine/base.py", line 3251, in connect
    return self._connection_cls(self)
  File "/Users/syamgith/Documents/Apps/ai-dream-journal/venv/lib/python3.9/site-packages/sqlalchemy/engine/base.py", line 145, in __init__
    self._dbapi_connection = engine.raw_connection()
  File "/Users/syamgith/Documents/Apps/ai-dream-journal/venv/lib/python3.9/site-packages/sqlalchemy/engine/base.py", line 3275, in raw_connection
    return self.pool.connect()
  File "/Users/syamgith/Documents/Apps/ai-dream-journal/venv/lib/python3.9/site-packages/sqlalchemy/pool/base.py", line 455, in connect
    return _ConnectionFairy._checkout(self)
  File "/Users/syamgith/Documents/Apps/ai-dream-journal/venv/lib/python3.9/site-packages/sqlalchemy/pool/base.py", line 1380, in _checkout
    del fairy
  File "/Users/syamgith/Documents/Apps/ai-dream-journal/venv/lib/python3.9/site-packages/sqlalchemy/util/langhelpers.py", line 147, in __exit__
    raise exc_value.with_traceback(exc_tb)
  File "/Users/syamgith/Documents/Apps/ai-dream-journal/venv/lib/python3.9/site-packages/sqlalchemy/pool/base.py", line 1308, in _checkout
    result = pool._dialect._do_ping_w_event(
  File "/Users/syamgith/Documents/Apps/ai-dream-journal/venv/lib/python3.9/site-packages/sqlalchemy/engine/default.py", line 674, in _do_ping_w_event
    return self.do_ping(dbapi_connection)
  File "/Users/syamgith/Documents/Apps/ai-dream-journal/venv/lib/python3.9/site-packages/sqlalchemy/dialects/postgresql/asyncpg.py", line 995, in do_ping
    dbapi_connection.ping()
  File "/Users/syamgith/Documents/Apps/ai-dream-journal/venv/lib/python3.9/site-packages/sqlalchemy/dialects/postgresql/asyncpg.py", line 738, in ping
    self._handle_exception(error)
  File "/Users/syamgith/Documents/Apps/ai-dream-journal/venv/lib/python3.9/site-packages/sqlalchemy/dialects/postgresql/asyncpg.py", line 719, in _handle_exception
    raise error
  File "/Users/syamgith/Documents/Apps/ai-dream-journal/venv/lib/python3.9/site-packages/sqlalchemy/dialects/postgresql/asyncpg.py", line 736, in ping
    _ = self.await_(self._connection.fetchrow(";"))
  File "/Users/syamgith/Documents/Apps/ai-dream-journal/venv/lib/python3.9/site-packages/sqlalchemy/util/_concurrency_py3k.py", line 102, in await_only
    return current.driver.switch(awaitable)  # type: ignore[no-any-return]
  File "/Users/syamgith/Documents/Apps/ai-dream-journal/venv/lib/python3.9/site-packages/sqlalchemy/util/_concurrency_py3k.py", line 160, in greenlet_spawn
    value = await result
  File "/Users/syamgith/Documents/Apps/ai-dream-journal/venv/lib/python3.9/site-packages/asyncpg/connection.py", line 749, in fetchrow
    data = await self._execute(
  File "/Users/syamgith/Documents/Apps/ai-dream-journal/venv/lib/python3.9/site-packages/asyncpg/connection.py", line 1794, in _execute
    result, _ = await self.__execute(
  File "/Users/syamgith/Documents/Apps/ai-dream-journal/venv/lib/python3.9/site-packages/asyncpg/connection.py", line 1892, in __execute
    result, stmt = await self._do_execute(
  File "/Users/syamgith/Documents/Apps/ai-dream-journal/venv/lib/python3.9/site-packages/asyncpg/connection.py", line 1925, in _do_execute
    stmt = await self._get_statement(
  File "/Users/syamgith/Documents/Apps/ai-dream-journal/venv/lib/python3.9/site-packages/asyncpg/connection.py", line 433, in _get_statement
    statement = await self._protocol.prepare(
  File "asyncpg/protocol/protocol.pyx", line 166, in prepare
RuntimeError: Task <Task pending name='anyio.from_thread.BlockingPortal._call_func' coro=<BlockingPortal._call_func() running at /Users/syamgith/Documents/Apps/ai-dream-journal/venv/lib/python3.9/site-packages/anyio/from_thread.py:221> cb=[TaskGroup._spawn.<locals>.task_done() at /Users/syamgith/Documents/Apps/ai-dream-journal/venv/lib/python3.9/site-packages/anyio/_backends/_asyncio.py:785]> got Future <Future pending cb=[Protocol._on_waiter_completed()]> attached to a different loop

------------------------------ Captured log call -------------------------------
ERROR    sqlalchemy.pool.impl.AsyncAdaptedQueuePool:base.py:384 Exception terminating connection <AdaptedConnection <asyncpg.connection.Connection object at 0x12606ae50>>
Traceback (most recent call last):
  File "/Users/syamgith/Documents/Apps/ai-dream-journal/venv/lib/python3.9/site-packages/sqlalchemy/pool/base.py", line 1308, in _checkout
    result = pool._dialect._do_ping_w_event(
  File "/Users/syamgith/Documents/Apps/ai-dream-journal/venv/lib/python3.9/site-packages/sqlalchemy/engine/default.py", line 674, in _do_ping_w_event
    return self.do_ping(dbapi_connection)
  File "/Users/syamgith/Documents/Apps/ai-dream-journal/venv/lib/python3.9/site-packages/sqlalchemy/dialects/postgresql/asyncpg.py", line 995, in do_ping
    dbapi_connection.ping()
  File "/Users/syamgith/Documents/Apps/ai-dream-journal/venv/lib/python3.9/site-packages/sqlalchemy/dialects/postgresql/asyncpg.py", line 738, in ping
    self._handle_exception(error)
  File "/Users/syamgith/Documents/Apps/ai-dream-journal/venv/lib/python3.9/site-packages/sqlalchemy/dialects/postgresql/asyncpg.py", line 719, in _handle_exception
    raise error
  File "/Users/syamgith/Documents/Apps/ai-dream-journal/venv/lib/python3.9/site-packages/sqlalchemy/dialects/postgresql/asyncpg.py", line 736, in ping
    _ = self.await_(self._connection.fetchrow(";"))
  File "/Users/syamgith/Documents/Apps/ai-dream-journal/venv/lib/python3.9/site-packages/sqlalchemy/util/_concurrency_py3k.py", line 102, in await_only
    return current.driver.switch(awaitable)  # type: ignore[no-any-return]
  File "/Users/syamgith/Documents/Apps/ai-dream-journal/venv/lib/python3.9/site-packages/sqlalchemy/util/_concurrency_py3k.py", line 160, in greenlet_spawn
    value = await result
  File "/Users/syamgith/Documents/Apps/ai-dream-journal/venv/lib/python3.9/site-packages/asyncpg/connection.py", line 749, in fetchrow
    data = await self._execute(
  File "/Users/syamgith/Documents/Apps/ai-dream-journal/venv/lib/python3.9/site-packages/asyncpg/connection.py", line 1794, in _execute
    result, _ = await self.__execute(
  File "/Users/syamgith/Documents/Apps/ai-dream-journal/venv/lib/python3.9/site-packages/asyncpg/connection.py", line 1892, in __execute
    result, stmt = await self._do_execute(
  File "/Users/syamgith/Documents/Apps/ai-dream-journal/venv/lib/python3.9/site-packages/asyncpg/connection.py", line 1925, in _do_execute
    stmt = await self._get_statement(
  File "/Users/syamgith/Documents/Apps/ai-dream-journal/venv/lib/python3.9/site-packages/asyncpg/connection.py", line 433, in _get_statement
    statement = await self._protocol.prepare(
  File "asyncpg/protocol/protocol.pyx", line 166, in prepare
RuntimeError: Task <Task pending name='anyio.from_thread.BlockingPortal._call_func' coro=<BlockingPortal._call_func() running at /Users/syamgith/Documents/Apps/ai-dream-journal/venv/lib/python3.9/site-packages/anyio/from_thread.py:221> cb=[TaskGroup._spawn.<locals>.task_done() at /Users/syamgith/Documents/Apps/ai-dream-journal/venv/lib/python3.9/site-packages/anyio/_backends/_asyncio.py:785]> got Future <Future pending cb=[Protocol._on_waiter_completed()]> attached to a different loop

During handling of the above exception, another exception occurred:

Traceback (most recent call last):
  File "/Users/syamgith/Documents/Apps/ai-dream-journal/venv/lib/python3.9/site-packages/sqlalchemy/pool/base.py", line 380, in _close_connection
    self._dialect.do_terminate(connection)
  File "/Users/syamgith/Documents/Apps/ai-dream-journal/venv/lib/python3.9/site-packages/sqlalchemy/dialects/postgresql/asyncpg.py", line 984, in do_terminate
    dbapi_connection.terminate()
  File "/Users/syamgith/Documents/Apps/ai-dream-journal/venv/lib/python3.9/site-packages/sqlalchemy/dialects/postgresql/asyncpg.py", line 793, in terminate
    self._connection.terminate()
  File "/Users/syamgith/Documents/Apps/ai-dream-journal/venv/lib/python3.9/site-packages/asyncpg/connection.py", line 1478, in terminate
    self._abort()
  File "/Users/syamgith/Documents/Apps/ai-dream-journal/venv/lib/python3.9/site-packages/asyncpg/connection.py", line 1505, in _abort
    self._protocol.abort()
  File "asyncpg/protocol/protocol.pyx", line 605, in asyncpg.protocol.protocol.BaseProtocol.abort
  File "asyncpg/protocol/protocol.pyx", line 705, in asyncpg.protocol.protocol.BaseProtocol._handle_waiter_on_connection_lost
  File "/usr/local/Cellar/python@3.9/3.9.1_7/Frameworks/Python.framework/Versions/3.9/lib/python3.9/asyncio/base_events.py", line 746, in call_soon
    self._check_closed()
  File "/usr/local/Cellar/python@3.9/3.9.1_7/Frameworks/Python.framework/Versions/3.9/lib/python3.9/asyncio/base_events.py", line 510, in _check_closed
    raise RuntimeError('Event loop is closed')
RuntimeError: Event loop is closed
________________________ test_convert_guest_to_regular _________________________
tests/test_user_endpoints.py:52: in test_convert_guest_to_regular
    assert convert_response.status_code == 200
E   assert 401 == 200
E    +  where 401 = <Response [401 Unauthorized]>.status_code
------------------------------ Captured log call -------------------------------
ERROR    sqlalchemy.pool.impl.AsyncAdaptedQueuePool:base.py:384 Exception terminating connection <AdaptedConnection <asyncpg.connection.Connection object at 0x1251a7c70>>
Traceback (most recent call last):
  File "/Users/syamgith/Documents/Apps/ai-dream-journal/venv/lib/python3.9/site-packages/sqlalchemy/pool/base.py", line 1308, in _checkout
    result = pool._dialect._do_ping_w_event(
  File "/Users/syamgith/Documents/Apps/ai-dream-journal/venv/lib/python3.9/site-packages/sqlalchemy/engine/default.py", line 674, in _do_ping_w_event
    return self.do_ping(dbapi_connection)
  File "/Users/syamgith/Documents/Apps/ai-dream-journal/venv/lib/python3.9/site-packages/sqlalchemy/dialects/postgresql/asyncpg.py", line 995, in do_ping
    dbapi_connection.ping()
  File "/Users/syamgith/Documents/Apps/ai-dream-journal/venv/lib/python3.9/site-packages/sqlalchemy/dialects/postgresql/asyncpg.py", line 738, in ping
    self._handle_exception(error)
  File "/Users/syamgith/Documents/Apps/ai-dream-journal/venv/lib/python3.9/site-packages/sqlalchemy/dialects/postgresql/asyncpg.py", line 719, in _handle_exception
    raise error
  File "/Users/syamgith/Documents/Apps/ai-dream-journal/venv/lib/python3.9/site-packages/sqlalchemy/dialects/postgresql/asyncpg.py", line 736, in ping
    _ = self.await_(self._connection.fetchrow(";"))
  File "/Users/syamgith/Documents/Apps/ai-dream-journal/venv/lib/python3.9/site-packages/sqlalchemy/util/_concurrency_py3k.py", line 102, in await_only
    return current.driver.switch(awaitable)  # type: ignore[no-any-return]
  File "/Users/syamgith/Documents/Apps/ai-dream-journal/venv/lib/python3.9/site-packages/sqlalchemy/util/_concurrency_py3k.py", line 160, in greenlet_spawn
    value = await result
  File "/Users/syamgith/Documents/Apps/ai-dream-journal/venv/lib/python3.9/site-packages/asyncpg/connection.py", line 749, in fetchrow
    data = await self._execute(
  File "/Users/syamgith/Documents/Apps/ai-dream-journal/venv/lib/python3.9/site-packages/asyncpg/connection.py", line 1794, in _execute
    result, _ = await self.__execute(
  File "/Users/syamgith/Documents/Apps/ai-dream-journal/venv/lib/python3.9/site-packages/asyncpg/connection.py", line 1892, in __execute
    result, stmt = await self._do_execute(
  File "/Users/syamgith/Documents/Apps/ai-dream-journal/venv/lib/python3.9/site-packages/asyncpg/connection.py", line 1925, in _do_execute
    stmt = await self._get_statement(
  File "/Users/syamgith/Documents/Apps/ai-dream-journal/venv/lib/python3.9/site-packages/asyncpg/connection.py", line 433, in _get_statement
    statement = await self._protocol.prepare(
  File "asyncpg/protocol/protocol.pyx", line 166, in prepare
RuntimeError: Task <Task pending name='anyio.from_thread.BlockingPortal._call_func' coro=<BlockingPortal._call_func() running at /Users/syamgith/Documents/Apps/ai-dream-journal/venv/lib/python3.9/site-packages/anyio/from_thread.py:221> cb=[TaskGroup._spawn.<locals>.task_done() at /Users/syamgith/Documents/Apps/ai-dream-journal/venv/lib/python3.9/site-packages/anyio/_backends/_asyncio.py:785]> got Future <Future pending cb=[Protocol._on_waiter_completed()]> attached to a different loop

During handling of the above exception, another exception occurred:

Traceback (most recent call last):
  File "/Users/syamgith/Documents/Apps/ai-dream-journal/venv/lib/python3.9/site-packages/sqlalchemy/pool/base.py", line 380, in _close_connection
    self._dialect.do_terminate(connection)
  File "/Users/syamgith/Documents/Apps/ai-dream-journal/venv/lib/python3.9/site-packages/sqlalchemy/dialects/postgresql/asyncpg.py", line 984, in do_terminate
    dbapi_connection.terminate()
  File "/Users/syamgith/Documents/Apps/ai-dream-journal/venv/lib/python3.9/site-packages/sqlalchemy/dialects/postgresql/asyncpg.py", line 793, in terminate
    self._connection.terminate()
  File "/Users/syamgith/Documents/Apps/ai-dream-journal/venv/lib/python3.9/site-packages/asyncpg/connection.py", line 1478, in terminate
    self._abort()
  File "/Users/syamgith/Documents/Apps/ai-dream-journal/venv/lib/python3.9/site-packages/asyncpg/connection.py", line 1505, in _abort
    self._protocol.abort()
  File "asyncpg/protocol/protocol.pyx", line 605, in asyncpg.protocol.protocol.BaseProtocol.abort
  File "asyncpg/protocol/protocol.pyx", line 705, in asyncpg.protocol.protocol.BaseProtocol._handle_waiter_on_connection_lost
  File "/usr/local/Cellar/python@3.9/3.9.1_7/Frameworks/Python.framework/Versions/3.9/lib/python3.9/asyncio/base_events.py", line 746, in call_soon
    self._check_closed()
  File "/usr/local/Cellar/python@3.9/3.9.1_7/Frameworks/Python.framework/Versions/3.9/lib/python3.9/asyncio/base_events.py", line 510, in _check_closed
    raise RuntimeError('Event loop is closed')
RuntimeError: Event loop is closed
=============================== warnings summary ===============================
venv/lib/python3.9/site-packages/starlette/formparsers.py:10
  /Users/syamgith/Documents/Apps/ai-dream-journal/venv/lib/python3.9/site-packages/starlette/formparsers.py:10: PendingDeprecationWarning: Please use `import python_multipart` instead.
    import multipart

main.py:112
  /Users/syamgith/Documents/Apps/ai-dream-journal/main.py:112: DeprecationWarning: 
          on_event is deprecated, use lifespan event handlers instead.
  
          Read more about it in the
          [FastAPI docs for Lifespan Events](https://fastapi.tiangolo.com/advanced/events/).
          
    @app.on_event("startup")

venv/lib/python3.9/site-packages/fastapi/applications.py:4495
  /Users/syamgith/Documents/Apps/ai-dream-journal/venv/lib/python3.9/site-packages/fastapi/applications.py:4495: DeprecationWarning: 
          on_event is deprecated, use lifespan event handlers instead.
  
          Read more about it in the
          [FastAPI docs for Lifespan Events](https://fastapi.tiangolo.com/advanced/events/).
          
    return self.router.on_event(event_type)

-- Docs: https://docs.pytest.org/en/stable/how-to/capture-warnings.html
=========================== short test summary info ============================
FAILED tests/test_api.py::test_create_dream_entry - assert 401 == 201
FAILED tests/test_api.py::test_list_dreams - assert 401 == 200
FAILED tests/test_dream_explorer_endpoints.py::TestDreamExplorerEndpoints::test_ask_question_success
FAILED tests/test_dream_explorer_endpoints.py::TestDreamExplorerEndpoints::test_search_similar_dreams_success
FAILED tests/test_dream_explorer_endpoints.py::TestDreamExplorerEndpoints::test_search_similar_dreams_no_query
FAILED tests/test_dream_explorer_endpoints.py::TestDreamExplorerEndpoints::test_find_similar_to_dream_success
FAILED tests/test_dream_explorer_endpoints.py::TestDreamExplorerEndpoints::test_find_patterns_success
FAILED tests/test_dream_explorer_endpoints.py::TestDreamExplorerEndpoints::test_compare_dreams_success
FAILED tests/test_dream_explorer_endpoints.py::TestDreamExplorerEndpoints::test_compare_dreams_not_found
FAILED tests/test_dream_explorer_endpoints.py::TestDreamExplorerEndpoints::test_search_with_date_filters
FAILED tests/test_dream_explorer_endpoints.py::TestDreamExplorerEndpoints::test_search_with_emotion_tags
FAILED tests/test_dream_explorer_endpoints.py::TestDreamExplorerEndpoints::test_ask_question_with_chat_history
FAILED tests/test_dream_explorer_service.py::TestDreamExplorerService::test_ask_question_basic
FAILED tests/test_dream_explorer_service.py::TestDreamExplorerService::test_ask_question_with_chat_history
FAILED tests/test_dream_explorer_service.py::TestDreamExplorerService::test_ask_question_custom_top_k
FAILED tests/test_dream_explorer_service.py::TestDreamExplorerService::test_find_patterns
FAILED tests/test_dream_explorer_service.py::TestDreamExplorerService::test_find_patterns_custom_top_k
FAILED tests/test_dream_explorer_service.py::TestDreamExplorerService::test_compare_dreams
FAILED tests/test_dream_explorer_service.py::TestDreamExplorerService::test_ask_question_no_results
FAILED tests/test_user_endpoints.py::test_register_user - RuntimeError: Task ...
FAILED tests/test_user_endpoints.py::test_login_user - assert 400 == 200
FAILED tests/test_user_endpoints.py::test_login_invalid_user - RuntimeError: ...
FAILED tests/test_user_endpoints.py::test_convert_guest_to_regular - assert 4...
======= 23 failed, 37 passed, 1 skipped, 3 warnings in 69.20s (0:01:09) ========
Fatal error on SSL transport
protocol: <asyncio.sslproto.SSLProtocol object at 0x127116250>
transport: <_SelectorSocketTransport closing fd=23>
Traceback (most recent call last):
  File "/usr/local/Cellar/python@3.9/3.9.1_7/Frameworks/Python.framework/Versions/3.9/lib/python3.9/asyncio/selector_events.py", line 918, in write
    n = self._sock.send(data)
OSError: [Errno 9] Bad file descriptor

During handling of the above exception, another exception occurred:

Traceback (most recent call last):
  File "/usr/local/Cellar/python@3.9/3.9.1_7/Frameworks/Python.framework/Versions/3.9/lib/python3.9/asyncio/sslproto.py", line 684, in _process_write_backlog
    self._transport.write(chunk)
  File "/usr/local/Cellar/python@3.9/3.9.1_7/Frameworks/Python.framework/Versions/3.9/lib/python3.9/asyncio/selector_events.py", line 924, in write
    self._fatal_error(exc, 'Fatal write error on socket transport')
  File "/usr/local/Cellar/python@3.9/3.9.1_7/Frameworks/Python.framework/Versions/3.9/lib/python3.9/asyncio/selector_events.py", line 719, in _fatal_error
    self._force_close(exc)
  File "/usr/local/Cellar/python@3.9/3.9.1_7/Frameworks/Python.framework/Versions/3.9/lib/python3.9/asyncio/selector_events.py", line 731, in _force_close
    self._loop.call_soon(self._call_connection_lost, exc)
  File "/usr/local/Cellar/python@3.9/3.9.1_7/Frameworks/Python.framework/Versions/3.9/lib/python3.9/asyncio/base_events.py", line 746, in call_soon
    self._check_closed()
  File "/usr/local/Cellar/python@3.9/3.9.1_7/Frameworks/Python.framework/Versions/3.9/lib/python3.9/asyncio/base_events.py", line 510, in _check_closed
    raise RuntimeError('Event loop is closed')
RuntimeError: Event loop is closed
